This is XeTeX, Version 3.141592653-2.6-0.999993 (TeX Live 2021) (preloaded format=xelatex 2021.9.14)  12 JUN 2023 15:30
entering extended mode
 restricted \write18 enabled.
 %&-line parsing enabled.
**tem-docs.tex
(./tem-docs.tex
LaTeX2e <2021-06-01> patch level 1
L3 programming layer <2021-08-27> (./sphinxmanual.cls
Document Class: sphinxmanual 2019/12/01 v2.3.0 Document class (Sphinx manual)
(/usr/local/texlive/2021/texmf-dist/tex/latex/base/report.cls
Document Class: report 2021/02/12 v1.4n Standard LaTeX document class
(/usr/local/texlive/2021/texmf-dist/tex/latex/base/size10.clo
File: size10.clo 2021/02/12 v1.4n Standard LaTeX file (size option)
)
\c@part=\count178
\c@chapter=\count179
\c@section=\count180
\c@subsection=\count181
\c@subsubsection=\count182
\c@paragraph=\count183
\c@subparagraph=\count184
\c@figure=\count185
\c@table=\count186
\abovecaptionskip=\skip47
\belowcaptionskip=\skip48
\bibindent=\dimen138
)
LaTeX Info: Redefining \and on input line 35.
)
\sphinxpxdimen=\dimen139

(/usr/local/texlive/2021/texmf-dist/tex/latex/cmap/cmap.sty
Package: cmap 2021/02/06 v1.0j CMap support: searchable PDF


Package cmap Warning: pdftex not detected - exiting.

) (/usr/local/texlive/2021/texmf-dist/tex/latex/fontspec/fontspec.sty
(/usr/local/texlive/2021/texmf-dist/tex/latex/l3packages/xparse/xparse.sty
(/usr/local/texlive/2021/texmf-dist/tex/latex/l3kernel/expl3.sty
Package: expl3 2021-08-27 L3 programming layer (loader) 

(/usr/local/texlive/2021/texmf-dist/tex/latex/l3backend/l3backend-xetex.def
File: l3backend-xetex.def 2021-08-04 L3 backend support: XeTeX

(|extractbb --version)
\c__kernel_sys_dvipdfmx_version_int=\count187
\l__color_backend_stack_int=\count188
\g__color_backend_stack_int=\count189
\g__graphics_track_int=\count190
\l__pdf_internal_box=\box50
\g__pdf_backend_object_int=\count191
\g__pdf_backend_annotation_int=\count192
\g__pdf_backend_link_int=\count193
))
Package: xparse 2021-08-27 L3 Experimental document command parser
)
Package: fontspec 2020/02/21 v2.7i Font selection for XeLaTeX and LuaLaTeX

(/usr/local/texlive/2021/texmf-dist/tex/latex/fontspec/fontspec-xetex.sty
Package: fontspec-xetex 2020/02/21 v2.7i Font selection for XeLaTeX and LuaLaTe
X
\l__fontspec_script_int=\count194
\l__fontspec_language_int=\count195
\l__fontspec_strnum_int=\count196
\l__fontspec_tmp_int=\count197
\l__fontspec_tmpa_int=\count198
\l__fontspec_tmpb_int=\count199
\l__fontspec_tmpc_int=\count266
\l__fontspec_em_int=\count267
\l__fontspec_emdef_int=\count268
\l__fontspec_strong_int=\count269
\l__fontspec_strongdef_int=\count270
\l__fontspec_tmpa_dim=\dimen140
\l__fontspec_tmpb_dim=\dimen141
\l__fontspec_tmpc_dim=\dimen142

(/usr/local/texlive/2021/texmf-dist/tex/latex/base/fontenc.sty
Package: fontenc 2021/04/29 v2.0v Standard LaTeX package
)
(/usr/local/texlive/2021/texmf-dist/tex/latex/fontspec/fontspec.cfg)))
(/usr/local/texlive/2021/texmf-dist/tex/latex/amsmath/amsmath.sty
Package: amsmath 2021/04/20 v2.17j AMS math features
\@mathmargin=\skip49

For additional information on amsmath, use the `?' option.
(/usr/local/texlive/2021/texmf-dist/tex/latex/amsmath/amstext.sty
Package: amstext 2000/06/29 v2.01 AMS text

(/usr/local/texlive/2021/texmf-dist/tex/latex/amsmath/amsgen.sty
File: amsgen.sty 1999/11/30 v2.0 generic functions
\@emptytoks=\toks16
\ex@=\dimen143
))
(/usr/local/texlive/2021/texmf-dist/tex/latex/amsmath/amsbsy.sty
Package: amsbsy 1999/11/29 v1.2d Bold Symbols
\pmbraise@=\dimen144
)
(/usr/local/texlive/2021/texmf-dist/tex/latex/amsmath/amsopn.sty
Package: amsopn 2016/03/08 v2.02 operator names
)
\inf@bad=\count271
LaTeX Info: Redefining \frac on input line 234.
\uproot@=\count272
\leftroot@=\count273
LaTeX Info: Redefining \overline on input line 399.
\classnum@=\count274
\DOTSCASE@=\count275
LaTeX Info: Redefining \ldots on input line 496.
LaTeX Info: Redefining \dots on input line 499.
LaTeX Info: Redefining \cdots on input line 620.
\Mathstrutbox@=\box51
\strutbox@=\box52
\big@size=\dimen145
LaTeX Font Info:    Redeclaring font encoding OML on input line 743.
LaTeX Font Info:    Redeclaring font encoding OMS on input line 744.
\macc@depth=\count276
\c@MaxMatrixCols=\count277
\dotsspace@=\muskip16
\c@parentequation=\count278
\dspbrk@lvl=\count279
\tag@help=\toks17
\row@=\count280
\column@=\count281
\maxfields@=\count282
\andhelp@=\toks18
\eqnshift@=\dimen146
\alignsep@=\dimen147
\tagshift@=\dimen148
\tagwidth@=\dimen149
\totwidth@=\dimen150
\lineht@=\dimen151
\@envbody=\toks19
\multlinegap=\skip50
\multlinetaggap=\skip51
\mathdisplay@stack=\toks20
LaTeX Info: Redefining \[ on input line 2923.
LaTeX Info: Redefining \] on input line 2924.
)
(/usr/local/texlive/2021/texmf-dist/tex/latex/amsfonts/amssymb.sty
Package: amssymb 2013/01/14 v3.01 AMS font symbols

(/usr/local/texlive/2021/texmf-dist/tex/latex/amsfonts/amsfonts.sty
Package: amsfonts 2013/01/14 v3.01 Basic AMSFonts support
\symAMSa=\mathgroup4
\symAMSb=\mathgroup5
LaTeX Font Info:    Redeclaring math symbol \hbar on input line 98.
LaTeX Font Info:    Overwriting math alphabet `\mathfrak' in version `bold'
(Font)                  U/euf/m/n --> U/euf/b/n on input line 106.
))
(/usr/local/texlive/2021/texmf-dist/tex/latex/polyglossia/polyglossia.sty
Package: polyglossia 2021/04/12 v1.53 Modern multilingual typesetting with XeLa
TeX and LuaLaTeX

(/usr/local/texlive/2021/texmf-dist/tex/latex/etoolbox/etoolbox.sty
Package: etoolbox 2020/10/05 v2.5k e-TeX tools for LaTeX (JAW)
\etb@tempcnta=\count283
)
(/usr/local/texlive/2021/texmf-dist/tex/latex/makecmds/makecmds.sty
Package: makecmds 2009/09/03 v1.0a extra command making commands
)
(/usr/local/texlive/2021/texmf-dist/tex/latex/xkeyval/xkeyval.sty
Package: xkeyval 2020/11/20 v2.8 package option processing (HA)

(/usr/local/texlive/2021/texmf-dist/tex/generic/xkeyval/xkeyval.tex
(/usr/local/texlive/2021/texmf-dist/tex/generic/xkeyval/xkvutils.tex
\XKV@toks=\toks21
\XKV@tempa@toks=\toks22

(/usr/local/texlive/2021/texmf-dist/tex/generic/xkeyval/keyval.tex))
\XKV@depth=\count284
File: xkeyval.tex 2014/12/03 v2.7a key=value parser (HA)
))
(/usr/local/texlive/2021/texmf-dist/tex/generic/iftex/iftex.sty
Package: iftex 2020/03/06 v1.0d TeX engine tests
)
(/usr/local/texlive/2021/texmf-dist/tex/latex/l3packages/l3keys2e/l3keys2e.sty
Package: l3keys2e 2021-08-27 LaTeX2e option processing using LaTeX3 keys
)
\xpg@normalclass=\XeTeXcharclass1
(/usr/local/texlive/2021/texmf-dist/tex/latex/polyglossia/gloss-latex.ldf
File: gloss-latex.ldf polyglossia: module for default language
The property list \polyglossia@langsetup contains the pairs (without outer
braces):
>  {latex/script}  =>  {latin}
>  {latex/lcscript}  =>  {latin}
>  {latex/scripttag}  =>  {}
>  {latex/language}  =>  {Latex}
>  {latex/langtag}  =>  {ENG}
>  {latex/bcp47}  =>  {}
>  {latex/hyphennames}  =>  {english}
>  {latex/direction}  =>  {LR}
>  {latex/hyphenmins}  =>  {2,3}
>  {latex/frenchspacing}  =>  {false}
>  {latex/indentfirst}  =>  {false}
>  {latex/fontsetup}  =>  {true}
>  {latex/envname}  =>  {latex}
>  {latex/babelname}  =>  {latex}
>  {latex/localnumeral}  =>  {polyglossia@C@localnumeral}
>  {latex/Localnumeral}  =>  {polyglossia@C@localnumeral}.
)
Package polyglossia Info: Default language is latex.
)
(/usr/local/texlive/2021/texmf-dist/tex/latex/polyglossia/gloss-english.ldf
File: gloss-english.ldf polyglossia: module for english
The property list \polyglossia@langsetup contains the pairs (without outer
braces):
>  {latex/script}  =>  {latin}
>  {latex/lcscript}  =>  {latin}
>  {latex/scripttag}  =>  {}
>  {latex/language}  =>  {Latex}
>  {latex/langtag}  =>  {ENG}
>  {latex/bcp47}  =>  {}
>  {latex/hyphennames}  =>  {english}
>  {latex/direction}  =>  {LR}
>  {latex/hyphenmins}  =>  {2,3}
>  {latex/frenchspacing}  =>  {false}
>  {latex/indentfirst}  =>  {false}
>  {latex/fontsetup}  =>  {true}
>  {latex/envname}  =>  {latex}
>  {latex/babelname}  =>  {latex}
>  {latex/localnumeral}  =>  {polyglossia@C@localnumeral}
>  {latex/Localnumeral}  =>  {polyglossia@C@localnumeral}
>  {english/script}  =>  {latin}
>  {english/lcscript}  =>  {latin}
>  {english/scripttag}  =>  {}
>  {english/language}  =>  {English}
>  {english/langtag}  =>  {ENG}
>  {english/bcp47}  =>  {en-US}
>  {english/hyphennames}  =>  {english,american,usenglish,USenglish}
>  {english/direction}  =>  {LR}
>  {english/hyphenmins}  =>  {2,3}
>  {english/frenchspacing}  =>  {false}
>  {english/indentfirst}  =>  {false}
>  {english/fontsetup}  =>  {true}
>  {english/envname}  =>  {english}
>  {english/babelname}  =>  {english}
>  {english/localnumeral}  =>  {polyglossia@C@localnumeral}
>  {english/Localnumeral}  =>  {polyglossia@C@localnumeral}.
Package polyglossia Info: Option: English, variant=american.
)
Package polyglossia Info: Default language is english.

(/usr/local/texlive/2021/texmf-dist/tex/latex/cjk-ko/kotex.sty
Package: kotex 2015/04/19 v1.6 Korean TeX (ko.TeX)

(/usr/local/texlive/2021/texmf-dist/tex/latex/kotex-utf/kotex.cfg)
(/usr/local/texlive/2021/texmf-dist/tex/xetex/xetexko/xetexko.sty
Package: xetexko 2021/09/06 v4.0 typesetting Korean with XeTeX
\XeTeXcharclassID=\XeTeXcharclass2
\XeTeXcharclassCJ=\XeTeXcharclass3
\XeTeXcharclassOP=\XeTeXcharclass4
\XeTeXcharclassCL=\XeTeXcharclass5
\XeTeXcharclassEX=\XeTeXcharclass6
\XeTeXcharclassCM=\XeTeXcharclass7

(/usr/local/texlive/2021/texmf-dist/tex/generic/unicode-data/load-unicode-xetex
-classes.tex 
load-unicode-xetex-classes.tex v1.14 (2020-10-24)
Reading Unicode east Asian character class data
# LineBreak-13.0.0.txt 
# Date: 2020-02-17, 07:43:02 GMT [KW, LI] 
# EastAsianWidth-13.0.0.txt 
# Date: 2029-01-21, 18:14:00 GMT [KW, LI] 
)
\XeTeXcharclassHG=\XeTeXcharclass8
\XeTeXcharclassJJ=\XeTeXcharclass9
\XeTeXcharclassMD=\XeTeXcharclass10
\XeTeXcharclassFS=\XeTeXcharclass11
\XeTeXcharclassLD=\XeTeXcharclass12
\XeTeXcharclassSY=\XeTeXcharclass13
\XeTeXcharclassAO=\XeTeXcharclass14
\XeTeXcharclassAC=\XeTeXcharclass15
\XeTeXcharclassAM=\XeTeXcharclass16
\XeTeXcharclassAH=\XeTeXcharclass17
\XeTeXcharclassAP=\XeTeXcharclass18
\XeTeXcharclassVC=\XeTeXcharclass19
\XeKo@toks@=\toks23
\XeKo@toks@ii=\toks24
\XeKo@skip@=\skip52
\XeKo@count@=\count285
\XeKo@dimen@=\dimen152
\XeKo@box@=\box53
\XeKo@dotemph@box=\box54
 (/usr/local/texlive/2021/texmf-dist/tex/latex/cjk-ko/kolabels-utf.sty
Package: kolabels-utf 2015/03/20 v1.5 UTF-8 Hangul item labels
)))

Package fontspec Info: Could not resolve font "나눔고딕/I" (it probably doesn't
(fontspec)             exist).


Package fontspec Info: Font family '나눔고딕(0)' created for font '나눔고딕' with
(fontspec)             options [Mapping=tex-text].
(fontspec)              
(fontspec)              This font family consists of the following NFSS
(fontspec)             series/shapes:
(fontspec)              
(fontspec)             - 'normal' (m/n) with NFSS spec.:
(fontspec)             <->"나눔고딕/AAT:mapping=tex-text;"
(fontspec)             - 'small caps'  (m/sc) with NFSS spec.: 
(fontspec)             - 'bold' (b/n) with NFSS spec.:
(fontspec)             <->"나눔고딕/B/AAT:mapping=tex-text;"
(fontspec)             - 'bold small caps'  (b/sc) with NFSS spec.: 
(fontspec)             - 'bold italic' (b/it) with NFSS spec.:
(fontspec)             <->"나눔고딕/BI/AAT:mapping=tex-text;"
(fontspec)             - 'bold italic small caps'  (b/scit) with NFSS spec.: 


Package fontspec Info: Could not resolve font "나눔명조/I" (it probably doesn't
(fontspec)             exist).


Package fontspec Info: Font family '나눔명조(0)' created for font '나눔명조' with
(fontspec)             options [Mapping=tex-text].
(fontspec)              
(fontspec)              This font family consists of the following NFSS
(fontspec)             series/shapes:
(fontspec)              
(fontspec)             - 'normal' (m/n) with NFSS spec.:
(fontspec)             <->"나눔명조/OT:language=dflt;mapping=tex-text;"
(fontspec)             - 'small caps'  (m/sc) with NFSS spec.: 
(fontspec)             - 'bold' (b/n) with NFSS spec.:
(fontspec)             <->"나눔명조/B/OT:language=dflt;mapping=tex-text;"
(fontspec)             - 'bold small caps'  (b/sc) with NFSS spec.: 
(fontspec)             - 'bold italic' (b/it) with NFSS spec.:
(fontspec)             <->"나눔명조/BI/OT:language=dflt;mapping=tex-text;"
(fontspec)             - 'bold italic small caps'  (b/scit) with NFSS spec.: 


Package fontspec Info: Could not resolve font "D2Coding/I" (it probably
(fontspec)             doesn't exist).


Package fontspec Info: Font family 'D2Coding(0)' created for font 'D2Coding'
(fontspec)             with options [].
(fontspec)              
(fontspec)              This font family consists of the following NFSS
(fontspec)             series/shapes:
(fontspec)              
(fontspec)             - 'normal' (m/n) with NFSS spec.: <->"D2Coding/AAT"
(fontspec)             - 'small caps'  (m/sc) with NFSS spec.: 
(fontspec)             - 'bold' (b/n) with NFSS spec.: <->"D2Coding/B/AAT"
(fontspec)             - 'bold small caps'  (b/sc) with NFSS spec.: 
(fontspec)             - 'bold italic' (b/it) with NFSS spec.:
(fontspec)             <->"D2Coding/BI/AAT"
(fontspec)             - 'bold italic small caps'  (b/scit) with NFSS spec.: 


Package fontspec Info: Could not resolve font "나눔고딕/I" (it probably doesn't
(fontspec)             exist).


Package fontspec Info: Font family '나눔고딕(1)' created for font '나눔고딕' with
(fontspec)             options [Ligatures=TeX,Mapping={tex-text}].
(fontspec)              
(fontspec)              This font family consists of the following NFSS
(fontspec)             series/shapes:
(fontspec)              
(fontspec)             - 'normal' (m/n) with NFSS spec.:
(fontspec)             <->"나눔고딕/AAT:mapping=tex-text;"
(fontspec)             - 'small caps'  (m/sc) with NFSS spec.: 
(fontspec)             - 'bold' (b/n) with NFSS spec.:
(fontspec)             <->"나눔고딕/B/AAT:mapping=tex-text;"
(fontspec)             - 'bold small caps'  (b/sc) with NFSS spec.: 
(fontspec)             - 'bold italic' (b/it) with NFSS spec.:
(fontspec)             <->"나눔고딕/BI/AAT:mapping=tex-text;"
(fontspec)             - 'bold italic small caps'  (b/scit) with NFSS spec.: 


Package fontspec Info: Could not resolve font "나눔명조/I" (it probably doesn't
(fontspec)             exist).


Package fontspec Info: Font family '나눔명조(1)' created for font '나눔명조' with
(fontspec)             options [Ligatures=TeX,Mapping={tex-text}].
(fontspec)              
(fontspec)              This font family consists of the following NFSS
(fontspec)             series/shapes:
(fontspec)              
(fontspec)             - 'normal' (m/n) with NFSS spec.:
(fontspec)             <->"나눔명조/OT:language=dflt;mapping=tex-text;"
(fontspec)             - 'small caps'  (m/sc) with NFSS spec.: 
(fontspec)             - 'bold' (b/n) with NFSS spec.:
(fontspec)             <->"나눔명조/B/OT:language=dflt;mapping=tex-text;"
(fontspec)             - 'bold small caps'  (b/sc) with NFSS spec.: 
(fontspec)             - 'bold italic' (b/it) with NFSS spec.:
(fontspec)             <->"나눔명조/BI/OT:language=dflt;mapping=tex-text;"
(fontspec)             - 'bold italic small caps'  (b/scit) with NFSS spec.: 


(/usr/local/texlive/2021/texmf-dist/tex/latex/fncychap/fncychap.sty
Package: fncychap 2007/07/30 v1.34 LaTeX package (Revised chapters)
\RW=\skip53
\mylen=\skip54
\myhi=\skip55
\px=\skip56
\py=\skip57
\pyy=\skip58
\pxx=\skip59
\c@AlphaCnt=\count286
\c@AlphaDecCnt=\count287
)
(./sphinx.sty
Package: sphinx 2023/03/19 v6.2.0 LaTeX package (Sphinx markup)

(/usr/local/texlive/2021/texmf-dist/tex/generic/ltxcmds/ltxcmds.sty
Package: ltxcmds 2020-05-10 v1.25 LaTeX kernel commands for general use (HO)
)
(/usr/local/texlive/2021/texmf-dist/tex/latex/xcolor/xcolor.sty
Package: xcolor 2016/05/11 v2.12 LaTeX color extensions (UK)

(/usr/local/texlive/2021/texmf-dist/tex/latex/graphics-cfg/color.cfg
File: color.cfg 2016/01/02 v1.6 sample color configuration
)
Package xcolor Info: Driver file: xetex.def on input line 225.

(/usr/local/texlive/2021/texmf-dist/tex/latex/graphics-def/xetex.def
File: xetex.def 2021/03/18 v5.0k Graphics/color driver for xetex
)
Package xcolor Info: Model `cmy' substituted by `cmy0' on input line 1348.
Package xcolor Info: Model `RGB' extended on input line 1364.
Package xcolor Info: Model `HTML' substituted by `rgb' on input line 1366.
Package xcolor Info: Model `Hsb' substituted by `hsb' on input line 1367.
Package xcolor Info: Model `tHsb' substituted by `hsb' on input line 1368.
Package xcolor Info: Model `HSB' substituted by `hsb' on input line 1369.
Package xcolor Info: Model `Gray' substituted by `gray' on input line 1370.
Package xcolor Info: Model `wave' substituted by `hsb' on input line 1371.
)
(/usr/local/texlive/2021/texmf-dist/tex/latex/kvoptions/kvoptions.sty
Package: kvoptions 2020-10-07 v3.14 Key value format for package options (HO)

(/usr/local/texlive/2021/texmf-dist/tex/generic/kvsetkeys/kvsetkeys.sty
Package: kvsetkeys 2019/12/15 v1.18 Key value parser (HO)
))
(./sphinxoptionshyperref.sty
File: sphinxoptionshyperref.sty 2021/01/27 hyperref
) (./sphinxoptionsgeometry.sty
File: sphinxoptionsgeometry.sty 2021/01/27 geometry
)
(/usr/local/texlive/2021/texmf-dist/tex/latex/base/textcomp.sty
Package: textcomp 2020/02/02 v2.0n Standard LaTeX package
)
(/usr/local/texlive/2021/texmf-dist/tex/latex/float/float.sty
Package: float 2001/11/08 v1.3d Float enhancements (AL)
\c@float@type=\count288
\float@exts=\toks25
\float@box=\box55
\@float@everytoks=\toks26
\@floatcapt=\box56
)
(/usr/local/texlive/2021/texmf-dist/tex/latex/wrapfig/wrapfig.sty
\wrapoverhang=\dimen153
\WF@size=\dimen154
\c@WF@wrappedlines=\count289
\WF@box=\box57
\WF@everypar=\toks27
Package: wrapfig 2003/01/31  v 3.6
)
(/usr/local/texlive/2021/texmf-dist/tex/latex/capt-of/capt-of.sty
Package: capt-of 2009/12/29 v0.2 standard captions outside of floats
)
(/usr/local/texlive/2021/texmf-dist/tex/latex/tools/multicol.sty
Package: multicol 2019/12/09 v1.8y multicolumn formatting (FMi)
\c@tracingmulticols=\count290
\mult@box=\box58
\multicol@leftmargin=\dimen155
\c@unbalance=\count291
\c@collectmore=\count292
\doublecol@number=\count293
\multicoltolerance=\count294
\multicolpretolerance=\count295
\full@width=\dimen156
\page@free=\dimen157
\premulticols=\dimen158
\postmulticols=\dimen159
\multicolsep=\skip60
\multicolbaselineskip=\skip61
\partial@page=\box59
\last@line=\box60
\maxbalancingoverflow=\dimen160
\mult@rightbox=\box61
\mult@grightbox=\box62
\mult@gfirstbox=\box63
\mult@firstbox=\box64
\@tempa=\box65
\@tempa=\box66
\@tempa=\box67
\@tempa=\box68
\@tempa=\box69
\@tempa=\box70
\@tempa=\box71
\@tempa=\box72
\@tempa=\box73
\@tempa=\box74
\@tempa=\box75
\@tempa=\box76
\@tempa=\box77
\@tempa=\box78
\@tempa=\box79
\@tempa=\box80
\@tempa=\box81
\@tempa=\box82
\@tempa=\box83
\@tempa=\box84
\@tempa=\box85
\@tempa=\box86
\@tempa=\box87
\@tempa=\box88
\@tempa=\box89
\@tempa=\box90
\@tempa=\box91
\@tempa=\box92
\@tempa=\box93
\@tempa=\box94
\@tempa=\box95
\@tempa=\box96
\@tempa=\box97
\@tempa=\box98
\@tempa=\box99
\@tempa=\box100
\@tempa=\box101
\c@minrows=\count296
\c@columnbadness=\count297
\c@finalcolumnbadness=\count298
\last@try=\dimen161
\multicolovershoot=\dimen162
\multicolundershoot=\dimen163
\mult@nat@firstbox=\box102
\colbreak@box=\box103
\mc@col@check@num=\count299
)
(/usr/local/texlive/2021/texmf-dist/tex/latex/graphics/graphicx.sty
Package: graphicx 2020/12/05 v1.2c Enhanced LaTeX Graphics (DPC,SPQR)

(/usr/local/texlive/2021/texmf-dist/tex/latex/graphics/graphics.sty
Package: graphics 2021/03/04 v1.4d Standard LaTeX Graphics (DPC,SPQR)

(/usr/local/texlive/2021/texmf-dist/tex/latex/graphics/trig.sty
Package: trig 2016/01/03 v1.10 sin cos tan (DPC)
)
(/usr/local/texlive/2021/texmf-dist/tex/latex/graphics-cfg/graphics.cfg
File: graphics.cfg 2016/06/04 v1.11 sample graphics configuration
)
Package graphics Info: Driver file: xetex.def on input line 107.
)
\Gin@req@height=\dimen164
\Gin@req@width=\dimen165
)
(./sphinxlatexgraphics.sty
File: sphinxlatexgraphics.sty 2021/01/27 graphics
\spx@image@maxheight=\dimen166
\spx@image@box=\box104
) (./sphinxpackageboxes.sty
Package: sphinxpackageboxes 2023/03/19 v6.2.0 advanced colored boxes

(/usr/local/texlive/2021/texmf-dist/tex/latex/pict2e/pict2e.sty
Package: pict2e 2020/09/30 v0.4b Improved picture commands (HjG,RN,JT)

(/usr/local/texlive/2021/texmf-dist/tex/latex/pict2e/pict2e.cfg
File: pict2e.cfg 2016/02/05 v0.1u pict2e configuration for teTeX/TeXLive
)
Package pict2e Info: Driver file: xetex.def on input line 112.
Package pict2e Info: Driver file for pict2e: p2e-xetex.def on input line 114.

(/usr/local/texlive/2021/texmf-dist/tex/latex/pict2e/p2e-xetex.def
File: p2e-xetex.def 2016/02/05 v0.1u Driver-dependant file (RN,HjG,JT)
)
\pIIe@GRAPH=\toks28
\@arclen=\dimen167
\@arcrad=\dimen168
\pIIe@tempdima=\dimen169
\pIIe@tempdimb=\dimen170
\pIIe@tempdimc=\dimen171
\pIIe@tempdimd=\dimen172
\pIIe@tempdime=\dimen173
\pIIe@tempdimf=\dimen174
)
(/usr/local/texlive/2021/texmf-dist/tex/latex/ellipse/ellipse.sty
Package: ellipse 2004/11/05 v1.0 .dtx ellipse file
)
\@tempdimd=\dimen175
\spx@tempboxa=\box105
\spx@tempboxb=\box106
\spx@boxes@border=\dimen176
\spx@boxes@border@top=\dimen177
\spx@boxes@border@right=\dimen178
\spx@boxes@border@bottom=\dimen179
\spx@boxes@border@left=\dimen180
\spx@boxes@padding@top=\dimen181
\spx@boxes@padding@right=\dimen182
\spx@boxes@padding@bottom=\dimen183
\spx@boxes@padding@left=\dimen184
\spx@boxes@shadow@xoffset=\dimen185
\spx@boxes@shadow@yoffset=\dimen186
\spx@boxes@radius@topleft@x=\dimen187
\spx@boxes@radius@topright@x=\dimen188
\spx@boxes@radius@bottomright@x=\dimen189
\spx@boxes@radius@bottomleft@x=\dimen190
\spx@boxes@radius@topleft@y=\dimen191
\spx@boxes@radius@topright@y=\dimen192
\spx@boxes@radius@bottomright@y=\dimen193
\spx@boxes@radius@bottomleft@y=\dimen194
)
(./sphinxlatexadmonitions.sty
File: sphinxlatexadmonitions.sty 2023/03/19 admonitions

(/usr/local/texlive/2021/texmf-dist/tex/latex/framed/framed.sty
Package: framed 2011/10/22 v 0.96: framed or shaded text with page breaks
\OuterFrameSep=\skip62
\fb@frw=\dimen195
\fb@frh=\dimen196
\FrameRule=\dimen197
\FrameSep=\dimen198
)
\spx@notice@border=\dimen199
)
(./sphinxlatexliterals.sty
File: sphinxlatexliterals.sty 2023/04/01 code-blocks and parsed literals

(/usr/local/texlive/2021/texmf-dist/tex/latex/fancyvrb/fancyvrb.sty
Package: fancyvrb 2021/08/12 v3.8 verbatim text (tvz,hv)
\FV@CodeLineNo=\count300
\FV@InFile=\read2
\FV@TabBox=\box107
\c@FancyVerbLine=\count301
\FV@StepNumber=\count302
\FV@OutFile=\write3
)
(/usr/local/texlive/2021/texmf-dist/tex/latex/base/alltt.sty
Package: alltt 2021/01/29 v2.0g defines alltt environment
)
(/usr/local/texlive/2021/texmf-dist/tex/latex/upquote/upquote.sty
Package: upquote 2012/04/19 v1.3 upright-quote and grave-accent glyphs in verba
tim
)
(/usr/local/texlive/2021/texmf-dist/tex/latex/needspace/needspace.sty
Package: needspace 2010/09/12 v1.3d reserve vertical space
)
\sphinxcontinuationbox=\box108
\sphinxvisiblespacebox=\box109
\sphinxVerbatim@TitleBox=\box110
\sphinxVerbatim@ContentsBox=\box111
)
(./sphinxlatexshadowbox.sty
File: sphinxlatexshadowbox.sty 2023/03/19 sphinxShadowBox
) (./sphinxlatexcontainers.sty
File: sphinxlatexcontainers.sty 2021/05/03 containers
)
(./sphinxhighlight.sty
Package: sphinxhighlight 2022/06/30 stylesheet for highlighting with pygments
) (./sphinxlatextables.sty
File: sphinxlatextables.sty 2022/08/15 tables

(/usr/local/texlive/2021/texmf-dist/tex/latex/tabulary/tabulary.sty
Package: tabulary 2014/06/11 v0.10 tabulary package (DPC)

(/usr/local/texlive/2021/texmf-dist/tex/latex/tools/array.sty
Package: array 2021/04/20 v2.5e Tabular extension package (FMi)
\col@sep=\dimen256
\ar@mcellbox=\box112
\extrarowheight=\dimen257
\NC@list=\toks29
\extratabsurround=\skip63
\backup@length=\skip64
\ar@cellbox=\box113
)
\TY@count=\count303
\TY@linewidth=\dimen258
\tymin=\dimen259
\tymax=\dimen260
\TY@tablewidth=\dimen261
)
(/usr/local/texlive/2021/texmf-dist/tex/latex/tools/longtable.sty
Package: longtable 2021-05-07 v4.16 Multi-page Table package (DPC)
\LTleft=\skip65
\LTright=\skip66
\LTpre=\skip67
\LTpost=\skip68
\LTchunksize=\count304
\LTcapwidth=\dimen262
\LT@head=\box114
\LT@firsthead=\box115
\LT@foot=\box116
\LT@lastfoot=\box117
\LT@gbox=\box118
\LT@cols=\count305
\LT@rows=\count306
\c@LT@tables=\count307
\c@LT@chunks=\count308
\LT@p@ftn=\toks30
)
(/usr/local/texlive/2021/texmf-dist/tex/latex/varwidth/varwidth.sty
Package: varwidth 2009/03/30 ver 0.92;  Variable-width minipages
\@vwid@box=\box119
\sift@deathcycles=\count309
\@vwid@loff=\dimen263
\@vwid@roff=\dimen264
)
\sphinx@TY@tablewidth=\dimen265

(/usr/local/texlive/2021/texmf-dist/tex/latex/colortbl/colortbl.sty
Package: colortbl 2020/01/04 v1.0e Color table columns (DPC)
\everycr=\toks31
\minrowclearance=\skip69
)
\rownum=\count310

(/usr/local/texlive/2021/texmf-dist/tex/latex/booktabs/booktabs.sty
Package: booktabs 2020/01/12 v1.61803398 Publication quality tables
\heavyrulewidth=\dimen266
\lightrulewidth=\dimen267
\cmidrulewidth=\dimen268
\belowrulesep=\dimen269
\belowbottomsep=\dimen270
\aboverulesep=\dimen271
\abovetopsep=\dimen272
\cmidrulesep=\dimen273
\cmidrulekern=\dimen274
\defaultaddspace=\dimen275
\@cmidla=\count311
\@cmidlb=\count312
\@aboverulesep=\dimen276
\@belowrulesep=\dimen277
\@thisruleclass=\count313
\@lastruleclass=\count314
\@thisrulewidth=\dimen278
))
(./sphinxlatexnumfig.sty
File: sphinxlatexnumfig.sty 2021/01/27 numbering
) (./sphinxlatexlists.sty
File: sphinxlatexlists.sty 2021/12/20 lists
\spx@lineitemlabel=\toks32
)
\c@sphinxscope=\count315
 (./sphinxpackagefootnote.sty
Package: sphinxpackagefootnote 2022/08/15 v5.3.0 Sphinx custom footnotehyper pa
ckage (Sphinx team)
\FNH@notes=\box120
\FNH@toks=\toks33
\FNH@width=\dimen279
\c@sphinxfootnotemark=\count316
) (./sphinxlatexindbibtoc.sty
File: sphinxlatexindbibtoc.sty 2021/01/27 index, bib., toc

(/usr/local/texlive/2021/texmf-dist/tex/latex/base/makeidx.sty
Package: makeidx 2014/09/29 v1.0m Standard LaTeX package
))
(./sphinxlatexstylepage.sty
File: sphinxlatexstylepage.sty 2021/01/27 page styling

(/usr/local/texlive/2021/texmf-dist/tex/latex/parskip/parskip.sty
Rollback for package 'parskip' requested -> version 'v1'.
         This corresponds to the release introduced on 2001-04-09.

(/usr/local/texlive/2021/texmf-dist/tex/latex/parskip/parskip-2001-04-09.sty
Package: parskip 2001/04/09 non-zero parskip adjustments
))
(/usr/local/texlive/2021/texmf-dist/tex/latex/fancyhdr/fancyhdr.sty
Package: fancyhdr 2021/01/28 v4.0.1 Extensive control of page headers and foote
rs
\f@nch@headwidth=\skip70
\f@nch@O@elh=\skip71
\f@nch@O@erh=\skip72
\f@nch@O@olh=\skip73
\f@nch@O@orh=\skip74
\f@nch@O@elf=\skip75
\f@nch@O@erf=\skip76
\f@nch@O@olf=\skip77
\f@nch@O@orf=\skip78
))
(./sphinxlatexstyleheadings.sty
File: sphinxlatexstyleheadings.sty 2023/02/11 headings

(/usr/local/texlive/2021/texmf-dist/tex/latex/titlesec/titlesec.sty
Package: titlesec 2021/07/05 v2.14 Sectioning titles
\ttl@box=\box121
\beforetitleunit=\skip79
\aftertitleunit=\skip80
\ttl@plus=\dimen280
\ttl@minus=\dimen281
\ttl@toksa=\toks34
\titlewidth=\dimen282
\titlewidthlast=\dimen283
\titlewidthfirst=\dimen284
))
(./sphinxlatexstyletext.sty
File: sphinxlatexstyletext.sty 2023/03/26 text styling
) (./sphinxlatexobjects.sty
File: sphinxlatexobjects.sty 2022/01/13 documentation environments
\sphinxsignaturesep=\skip81
\py@argswidth=\skip82
\lineblockindentation=\skip83
\DUlineblockindent=\skip84
))
(/usr/local/texlive/2021/texmf-dist/tex/latex/geometry/geometry.sty
Package: geometry 2020/01/02 v5.9 Page Geometry

(/usr/local/texlive/2021/texmf-dist/tex/generic/iftex/ifvtex.sty
Package: ifvtex 2019/10/25 v1.7 ifvtex legacy package. Use iftex instead.
)
\Gm@cnth=\count317
\Gm@cntv=\count318
\c@Gm@tempcnt=\count319
\Gm@bindingoffset=\dimen285
\Gm@wd@mp=\dimen286
\Gm@odd@mp=\dimen287
\Gm@even@mp=\dimen288
\Gm@layoutwidth=\dimen289
\Gm@layoutheight=\dimen290
\Gm@layouthoffset=\dimen291
\Gm@layoutvoffset=\dimen292
\Gm@dimlist=\toks35
)
(/usr/local/texlive/2021/texmf-dist/tex/latex/hyperref/hyperref.sty
Package: hyperref 2021-06-07 v7.00m Hypertext links for LaTeX

(/usr/local/texlive/2021/texmf-dist/tex/generic/pdftexcmds/pdftexcmds.sty
Package: pdftexcmds 2020-06-27 v0.33 Utility functions of pdfTeX for LuaTeX (HO
)

(/usr/local/texlive/2021/texmf-dist/tex/generic/infwarerr/infwarerr.sty
Package: infwarerr 2019/12/03 v1.5 Providing info/warning/error messages (HO)
)
Package pdftexcmds Info: \pdf@primitive is available.
Package pdftexcmds Info: \pdf@ifprimitive is available.
Package pdftexcmds Info: \pdfdraftmode not found.
)
(/usr/local/texlive/2021/texmf-dist/tex/generic/kvdefinekeys/kvdefinekeys.sty
Package: kvdefinekeys 2019-12-19 v1.6 Define keys (HO)
)
(/usr/local/texlive/2021/texmf-dist/tex/generic/pdfescape/pdfescape.sty
Package: pdfescape 2019/12/09 v1.15 Implements pdfTeX's escape features (HO)
)
(/usr/local/texlive/2021/texmf-dist/tex/latex/hycolor/hycolor.sty
Package: hycolor 2020-01-27 v1.10 Color options for hyperref/bookmark (HO)
)
(/usr/local/texlive/2021/texmf-dist/tex/latex/letltxmacro/letltxmacro.sty
Package: letltxmacro 2019/12/03 v1.6 Let assignment for LaTeX macros (HO)
)
(/usr/local/texlive/2021/texmf-dist/tex/latex/auxhook/auxhook.sty
Package: auxhook 2019-12-17 v1.6 Hooks for auxiliary files (HO)
)
\@linkdim=\dimen293
\Hy@linkcounter=\count320
\Hy@pagecounter=\count321

(/usr/local/texlive/2021/texmf-dist/tex/latex/hyperref/pd1enc.def
File: pd1enc.def 2021-06-07 v7.00m Hyperref: PDFDocEncoding definition (HO)
)
(/usr/local/texlive/2021/texmf-dist/tex/latex/hyperref/hyperref-langpatches.def
File: hyperref-langpatches.def 2021-06-07 v7.00m Hyperref: patches for babel la
nguages
) (/usr/local/texlive/2021/texmf-dist/tex/generic/intcalc/intcalc.sty
Package: intcalc 2019/12/15 v1.3 Expandable calculations with integers (HO)
)
(/usr/local/texlive/2021/texmf-dist/tex/generic/etexcmds/etexcmds.sty
Package: etexcmds 2019/12/15 v1.7 Avoid name clashes with e-TeX commands (HO)
)
\Hy@SavedSpaceFactor=\count322

(/usr/local/texlive/2021/texmf-dist/tex/latex/hyperref/puenc.def
File: puenc.def 2021-06-07 v7.00m Hyperref: PDF Unicode definition (HO)
)
Package hyperref Info: Option `hyperindex' set `false' on input line 4073.
Package hyperref Info: Option `unicode' set `true' on input line 4073.
Package hyperref Info: Option `colorlinks' set `true' on input line 4073.
Package hyperref Info: Option `breaklinks' set `true' on input line 4073.
Package hyperref Info: Hyper figures OFF on input line 4192.
Package hyperref Info: Link nesting OFF on input line 4197.
Package hyperref Info: Hyper index OFF on input line 4202.
Package hyperref Info: Plain pages OFF on input line 4207.
Package hyperref Info: Backreferencing OFF on input line 4212.
Package hyperref Info: Implicit mode ON; LaTeX internals redefined.
Package hyperref Info: Bookmarks ON on input line 4445.
\c@Hy@tempcnt=\count323

(/usr/local/texlive/2021/texmf-dist/tex/latex/url/url.sty
\Urlmuskip=\muskip17
Package: url 2013/09/16  ver 3.4  Verb mode for urls, etc.
)
LaTeX Info: Redefining \url on input line 4804.
\XeTeXLinkMargin=\dimen294

(/usr/local/texlive/2021/texmf-dist/tex/generic/bitset/bitset.sty
Package: bitset 2019/12/09 v1.3 Handle bit-vector datatype (HO)

(/usr/local/texlive/2021/texmf-dist/tex/generic/bigintcalc/bigintcalc.sty
Package: bigintcalc 2019/12/15 v1.5 Expandable calculations on big integers (HO
)
))
\Fld@menulength=\count324
\Field@Width=\dimen295
\Fld@charsize=\dimen296
Package hyperref Info: Hyper figures OFF on input line 6076.
Package hyperref Info: Link nesting OFF on input line 6081.
Package hyperref Info: Hyper index OFF on input line 6086.
Package hyperref Info: backreferencing OFF on input line 6091.
Package hyperref Info: Link coloring ON on input line 6094.
Package hyperref Info: Link coloring with OCG OFF on input line 6101.
Package hyperref Info: PDF/A mode OFF on input line 6106.
LaTeX Info: Redefining \ref on input line 6146.
LaTeX Info: Redefining \pageref on input line 6150.

(/usr/local/texlive/2021/texmf-dist/tex/latex/base/atbegshi-ltx.sty
Package: atbegshi-ltx 2021/01/10 v1.0c Emulation of the original atbegshi
package with kernel methods
)
\Hy@abspage=\count325
\c@Item=\count326
\c@Hfootnote=\count327
)
Package hyperref Info: Driver (autodetected): hxetex.

(/usr/local/texlive/2021/texmf-dist/tex/latex/hyperref/hxetex.def
File: hxetex.def 2021-06-07 v7.00m Hyperref driver for XeTeX

(/usr/local/texlive/2021/texmf-dist/tex/generic/stringenc/stringenc.sty
Package: stringenc 2019/11/29 v1.12 Convert strings between diff. encodings (HO
)
)
\pdfm@box=\box122
\c@Hy@AnnotLevel=\count328
\HyField@AnnotCount=\count329
\Fld@listcount=\count330
\c@bookmark@seq@number=\count331

(/usr/local/texlive/2021/texmf-dist/tex/latex/rerunfilecheck/rerunfilecheck.sty
Package: rerunfilecheck 2019/12/05 v1.9 Rerun checks for auxiliary files (HO)
(/usr/local/texlive/2021/texmf-dist/tex/latex/base/atveryend-ltx.sty
Package: atveryend-ltx 2020/08/19 v1.0a Emulation of the original atvery packag
e
with kernel methods
)
(/usr/local/texlive/2021/texmf-dist/tex/generic/uniquecounter/uniquecounter.sty
Package: uniquecounter 2019/12/15 v1.4 Provide unlimited unique counter (HO)
)
Package uniquecounter Info: New unique counter `rerunfilecheck' on input line 2
86.
)
\Hy@SectionHShift=\skip85
) (/usr/local/texlive/2021/texmf-dist/tex/latex/oberdiek/hypcap.sty
Package: hypcap 2016/05/16 v1.12 Adjusting the anchors of captions (HO)
)
(./sphinxmessages.sty
Package: sphinxmessages 2019/01/04 v2.0 Localized LaTeX macros (Sphinx team)
)
\@indexfile=\write4
\openout4 = `tem-docs.idx'.


Writing index file tem-docs.idx
(./tem-docs.aux
LaTeX Info: Redefining \rmfamily on input line 19.
LaTeX Info: Redefining \sffamily on input line 19.
LaTeX Info: Redefining \ttfamily on input line 19.
)
\openout1 = `tem-docs.aux'.

LaTeX Font Info:    Checking defaults for OML/cmm/m/it on input line 77.
LaTeX Font Info:    ... okay on input line 77.
LaTeX Font Info:    Checking defaults for OMS/cmsy/m/n on input line 77.
LaTeX Font Info:    ... okay on input line 77.
LaTeX Font Info:    Checking defaults for OT1/cmr/m/n on input line 77.
LaTeX Font Info:    ... okay on input line 77.
LaTeX Font Info:    Checking defaults for T1/cmr/m/n on input line 77.
LaTeX Font Info:    ... okay on input line 77.
LaTeX Font Info:    Checking defaults for TS1/cmr/m/n on input line 77.
LaTeX Font Info:    Trying to load font information for TS1+cmr on input line 7
7.
 (/usr/local/texlive/2021/texmf-dist/tex/latex/base/ts1cmr.fd
File: ts1cmr.fd 2019/12/16 v2.5j Standard LaTeX font definitions
)
LaTeX Font Info:    ... okay on input line 77.
LaTeX Font Info:    Checking defaults for TU/lmr/m/n on input line 77.
LaTeX Font Info:    ... okay on input line 77.
LaTeX Font Info:    Checking defaults for OMX/cmex/m/n on input line 77.
LaTeX Font Info:    ... okay on input line 77.
LaTeX Font Info:    Checking defaults for U/cmr/m/n on input line 77.
LaTeX Font Info:    ... okay on input line 77.
LaTeX Font Info:    Checking defaults for PD1/pdf/m/n on input line 77.
LaTeX Font Info:    ... okay on input line 77.
LaTeX Font Info:    Checking defaults for PU/pdf/m/n on input line 77.
LaTeX Font Info:    ... okay on input line 77.

Package fontspec Info: Adjusting the maths setup (use [no-math] to avoid
(fontspec)             this).

\symlegacymaths=\mathgroup6
LaTeX Font Info:    Overwriting symbol font `legacymaths' in version `bold'
(Font)                  OT1/cmr/m/n --> OT1/cmr/bx/n on input line 77.
LaTeX Font Info:    Redeclaring math accent \acute on input line 77.
LaTeX Font Info:    Redeclaring math accent \grave on input line 77.
LaTeX Font Info:    Redeclaring math accent \ddot on input line 77.
LaTeX Font Info:    Redeclaring math accent \tilde on input line 77.
LaTeX Font Info:    Redeclaring math accent \bar on input line 77.
LaTeX Font Info:    Redeclaring math accent \breve on input line 77.
LaTeX Font Info:    Redeclaring math accent \check on input line 77.
LaTeX Font Info:    Redeclaring math accent \hat on input line 77.
LaTeX Font Info:    Redeclaring math accent \dot on input line 77.
LaTeX Font Info:    Redeclaring math accent \mathring on input line 77.
LaTeX Font Info:    Redeclaring math symbol \Gamma on input line 77.
LaTeX Font Info:    Redeclaring math symbol \Delta on input line 77.
LaTeX Font Info:    Redeclaring math symbol \Theta on input line 77.
LaTeX Font Info:    Redeclaring math symbol \Lambda on input line 77.
LaTeX Font Info:    Redeclaring math symbol \Xi on input line 77.
LaTeX Font Info:    Redeclaring math symbol \Pi on input line 77.
LaTeX Font Info:    Redeclaring math symbol \Sigma on input line 77.
LaTeX Font Info:    Redeclaring math symbol \Upsilon on input line 77.
LaTeX Font Info:    Redeclaring math symbol \Phi on input line 77.
LaTeX Font Info:    Redeclaring math symbol \Psi on input line 77.
LaTeX Font Info:    Redeclaring math symbol \Omega on input line 77.
LaTeX Font Info:    Redeclaring math symbol \mathdollar on input line 77.
LaTeX Font Info:    Redeclaring symbol font `operators' on input line 77.
LaTeX Font Info:    Encoding `OT1' has changed to `TU' for symbol font
(Font)              `operators' in the math version `normal' on input line 77.
LaTeX Font Info:    Overwriting symbol font `operators' in version `normal'
(Font)                  OT1/cmr/m/n --> TU/나눔고딕(0)/m/n on input line 77.
LaTeX Font Info:    Encoding `OT1' has changed to `TU' for symbol font
(Font)              `operators' in the math version `bold' on input line 77.
LaTeX Font Info:    Overwriting symbol font `operators' in version `bold'
(Font)                  OT1/cmr/bx/n --> TU/나눔고딕(0)/m/n on input line 77.
LaTeX Font Info:    Overwriting symbol font `operators' in version `normal'
(Font)                  TU/나눔고딕(0)/m/n --> TU/나눔고딕(0)/m/n on input line 77.
LaTeX Font Info:    Overwriting math alphabet `\mathit' in version `normal'
(Font)                  OT1/cmr/m/it --> TU/나눔고딕(0)/m/it on input line 77.
LaTeX Font Info:    Overwriting math alphabet `\mathbf' in version `normal'
(Font)                  OT1/cmr/bx/n --> TU/나눔고딕(0)/b/n on input line 77.
LaTeX Font Info:    Overwriting math alphabet `\mathsf' in version `normal'
(Font)                  OT1/cmss/m/n --> TU/나눔명조(0)/m/n on input line 77.
LaTeX Font Info:    Overwriting math alphabet `\mathtt' in version `normal'
(Font)                  OT1/cmtt/m/n --> TU/D2Coding(0)/m/n on input line 77.
LaTeX Font Info:    Overwriting symbol font `operators' in version `bold'
(Font)                  TU/나눔고딕(0)/m/n --> TU/나눔고딕(0)/b/n on input line 77.
LaTeX Font Info:    Overwriting math alphabet `\mathit' in version `bold'
(Font)                  OT1/cmr/bx/it --> TU/나눔고딕(0)/b/it on input line 77.
LaTeX Font Info:    Overwriting math alphabet `\mathsf' in version `bold'
(Font)                  OT1/cmss/bx/n --> TU/나눔명조(0)/b/n on input line 77.
LaTeX Font Info:    Overwriting math alphabet `\mathtt' in version `bold'
(Font)                  OT1/cmtt/m/n --> TU/D2Coding(0)/b/n on input line 77.
\c@literalblock=\count332

*geometry* driver: auto-detecting
*geometry* detected driver: xetex
*geometry* verbose mode - [ preamble ] result:
* driver: xetex
* paper: a4paper
* layout: <same size as paper>
* layoutoffset:(h,v)=(0.0pt,0.0pt)
* modes: twoside 
* h-part:(L,W,R)=(72.26999pt, 452.9679pt, 72.26999pt)
* v-part:(T,H,B)=(72.26999pt, 700.50687pt, 72.26999pt)
* \paperwidth=597.50787pt
* \paperheight=845.04684pt
* \textwidth=452.9679pt
* \textheight=700.50687pt
* \oddsidemargin=0.0pt
* \evensidemargin=0.0pt
* \topmargin=-37.0pt
* \headheight=12.0pt
* \headsep=25.0pt
* \topskip=10.0pt
* \footskip=30.0pt
* \marginparwidth=36.135pt
* \marginparsep=11.0pt
* \columnsep=10.0pt
* \skip\footins=9.0pt plus 4.0pt minus 2.0pt
* \hoffset=0.0pt
* \voffset=0.0pt
* \mag=1000
* \@twocolumnfalse
* \@twosidetrue
* \@mparswitchtrue
* \@reversemarginfalse
* (1in=72.27pt=25.4mm, 1cm=28.453pt)

Package hyperref Info: Link coloring ON on input line 77.
(/usr/local/texlive/2021/texmf-dist/tex/latex/hyperref/nameref.sty
Package: nameref 2021-04-02 v2.47 Cross-referencing by name of section

(/usr/local/texlive/2021/texmf-dist/tex/latex/refcount/refcount.sty
Package: refcount 2019/12/15 v3.6 Data extraction from label references (HO)
)
(/usr/local/texlive/2021/texmf-dist/tex/generic/gettitlestring/gettitlestring.s
ty
Package: gettitlestring 2019/12/15 v1.6 Cleanup title references (HO)
)
\c@section@level=\count333
)
LaTeX Info: Redefining \ref on input line 77.
LaTeX Info: Redefining \pageref on input line 77.
LaTeX Info: Redefining \nameref on input line 77.
 (./tem-docs.out) (./tem-docs.out)
\@outlinefile=\write5
\openout5 = `tem-docs.out'.

LaTeX Info: Redefining \rmfamily on input line 77.
LaTeX Info: Redefining \sffamily on input line 77.
LaTeX Info: Redefining \ttfamily on input line 77.
Package hyperref Info: Option `pageanchor' set `false' on input line 80.
LaTeX Font Info:    Trying to load font information for U+msa on input line 80.


(/usr/local/texlive/2021/texmf-dist/tex/latex/amsfonts/umsa.fd
File: umsa.fd 2013/01/14 v3.01 AMS symbols A
)
LaTeX Font Info:    Trying to load font information for U+msb on input line 80.


(/usr/local/texlive/2021/texmf-dist/tex/latex/amsfonts/umsb.fd
File: umsb.fd 2013/01/14 v3.01 AMS symbols B
) [1

] [2


]
(./tem-docs.toc
LaTeX Info: Redefining \rmfamily on input line 1.
LaTeX Info: Redefining \sffamily on input line 1.
LaTeX Info: Redefining \ttfamily on input line 1.
 [1

])
\tf@toc=\write6
\openout6 = `tem-docs.toc'.

 [2]
Chapter 1.
[1


]

Package fancyhdr Warning: \headheight is too small (12.0pt): 
(fancyhdr)                Make it at least 23.94965pt, for example:
(fancyhdr)                \setlength{\headheight}{23.94965pt}.
(fancyhdr)                You might also make \topmargin smaller to compensate:

(fancyhdr)                \addtolength{\topmargin}{-11.94965pt}.

[2

]
Chapter 2.
File: tem_service_farm.png Graphic file (type bmp)
<tem_service_farm.png>
[3]
Underfull \hbox (badness 10000) in paragraph at lines 214--216
\TU/나눔고딕(1)/m/n/10 Xeon(R) Gold
 []


Underfull \hbox (badness 10000) in paragraph at lines 214--216
\TU/나눔고딕(1)/m/n/10 6150 CPU
 []


Underfull \hbox (badness 10000) in paragraph at lines 214--216
\TU/나눔고딕(1)/m/n/10 @ 2.70GHz
 []


Underfull \hbox (badness 10000) in paragraph at lines 214--216
\TU/나눔고딕(1)/m/n/10 18Core * 2
 []


Underfull \hbox (badness 6252) in paragraph at lines 218--220
[]\TU/나눔고딕(1)/m/n/10 RAM : DDR4
 []


Underfull \hbox (badness 10000) in paragraph at lines 218--220
\TU/나눔고딕(1)/m/n/10 2,666MHz
 []


Underfull \hbox (badness 10000) in paragraph at lines 218--220
\TU/나눔고딕(1)/m/n/10 16GB * 24EA
 []


Underfull \hbox (badness 10000) in paragraph at lines 222--224
\TU/나눔고딕(1)/m/n/10 HDD 1.2TB *
 []


Underfull \hbox (badness 10000) in paragraph at lines 239--241
\TU/나눔고딕(1)/m/n/10 Xeon(R) CPU
 []


Underfull \hbox (badness 10000) in paragraph at lines 239--241
\TU/나눔고딕(1)/m/n/10 E5-2697v3
 []


Underfull \hbox (badness 10000) in paragraph at lines 239--241
\TU/나눔고딕(1)/m/n/10 @ 2.60GHz
 []


Underfull \hbox (badness 10000) in paragraph at lines 239--241
\TU/나눔고딕(1)/m/n/10 14Core * 2
 []


Underfull \hbox (badness 6252) in paragraph at lines 243--245
[]\TU/나눔고딕(1)/m/n/10 RAM : DDR4
 []


Underfull \hbox (badness 10000) in paragraph at lines 243--245
\TU/나눔고딕(1)/m/n/10 8GB * 24
 []


Underfull \hbox (badness 10000) in paragraph at lines 247--249
\TU/나눔고딕(1)/m/n/10 HDD 1.2TB *
 []


Underfull \hbox (badness 10000) in paragraph at lines 263--265
\TU/나눔고딕(1)/m/n/10 Xeon(R) CPU
 []


Underfull \hbox (badness 10000) in paragraph at lines 263--265
\TU/나눔고딕(1)/m/n/10 E5-2697v3
 []


Underfull \hbox (badness 10000) in paragraph at lines 263--265
\TU/나눔고딕(1)/m/n/10 @ 2.60GHz
 []


Underfull \hbox (badness 10000) in paragraph at lines 263--265
\TU/나눔고딕(1)/m/n/10 14Core * 2
 []


Underfull \hbox (badness 6252) in paragraph at lines 267--269
[]\TU/나눔고딕(1)/m/n/10 RAM : DDR4
 []


Underfull \hbox (badness 10000) in paragraph at lines 267--269
\TU/나눔고딕(1)/m/n/10 8GB * 24
 []


Underfull \hbox (badness 10000) in paragraph at lines 271--273
\TU/나눔고딕(1)/m/n/10 HDD 1.2TB *
 []


Underfull \hbox (badness 10000) in paragraph at lines 287--289
[]|\TU/나눔고딕(1)/m/n/10 tem-wn[1001-1002]-
 []


Underfull \hbox (badness 10000) in paragraph at lines 291--293
\TU/나눔고딕(1)/m/n/10 Xeon(R) Gold
 []


Underfull \hbox (badness 10000) in paragraph at lines 291--293
\TU/나눔고딕(1)/m/n/10 6150 CPU
 []


Underfull \hbox (badness 10000) in paragraph at lines 291--293
\TU/나눔고딕(1)/m/n/10 @ 2.70GHz
 []


Underfull \hbox (badness 10000) in paragraph at lines 291--293
\TU/나눔고딕(1)/m/n/10 18Core * 2
 []


Underfull \hbox (badness 6252) in paragraph at lines 295--297
[]\TU/나눔고딕(1)/m/n/10 RAM : DDR4
 []


Underfull \hbox (badness 10000) in paragraph at lines 295--297
\TU/나눔고딕(1)/m/n/10 2,666MHz
 []


Underfull \hbox (badness 10000) in paragraph at lines 295--297
\TU/나눔고딕(1)/m/n/10 16GB * 24EA
 []


Underfull \hbox (badness 10000) in paragraph at lines 299--301
\TU/나눔고딕(1)/m/n/10 HDD 1.2TB *
 []


Underfull \hbox (badness 10000) in paragraph at lines 312--314
[]|\TU/나눔고딕(1)/m/n/10 tem-wn[1003-1013]-
 []


Underfull \hbox (badness 10000) in paragraph at lines 316--318
\TU/나눔고딕(1)/m/n/10 Xeon(R) CPU
 []


Underfull \hbox (badness 10000) in paragraph at lines 316--318
\TU/나눔고딕(1)/m/n/10 E5-2697v3
 []


Underfull \hbox (badness 10000) in paragraph at lines 316--318
\TU/나눔고딕(1)/m/n/10 @ 2.60GHz
 []


Underfull \hbox (badness 10000) in paragraph at lines 316--318
\TU/나눔고딕(1)/m/n/10 14Core * 2
 []


Underfull \hbox (badness 6252) in paragraph at lines 320--322
[]\TU/나눔고딕(1)/m/n/10 RAM : DDR4
 []


Underfull \hbox (badness 10000) in paragraph at lines 320--322
\TU/나눔고딕(1)/m/n/10 8GB * 24
 []


Underfull \hbox (badness 10000) in paragraph at lines 324--326
\TU/나눔고딕(1)/m/n/10 HDD 1.2TB *
 []


Underfull \hbox (badness 7273) in paragraph at lines 334--336
[]\TU/나눔고딕(1)/m/n/10 CPU : Intel®
 []


Underfull \hbox (badness 10000) in paragraph at lines 334--336
\TU/나눔고딕(1)/m/n/10 Xeon® CPU
 []


Underfull \hbox (badness 10000) in paragraph at lines 334--336
\TU/나눔고딕(1)/m/n/10 E5-2690v4
 []


Underfull \hbox (badness 10000) in paragraph at lines 334--336
\TU/나눔고딕(1)/m/n/10 @ 2.60GHz
 []


Underfull \hbox (badness 10000) in paragraph at lines 334--336
\TU/나눔고딕(1)/m/n/10 14Core * 2
 []


Underfull \hbox (badness 6252) in paragraph at lines 338--340
[]\TU/나눔고딕(1)/m/n/10 RAM : DDR4
 []


Underfull \hbox (badness 10000) in paragraph at lines 338--340
\TU/나눔고딕(1)/m/n/10 16GB * 24
 []


Underfull \hbox (badness 10000) in paragraph at lines 342--344
\TU/나눔고딕(1)/m/n/10 SSD 800GB *
 []


Underfull \hbox (badness 10000) in paragraph at lines 346--348
\TU/나눔고딕(1)/m/n/10 P100 16GB *
 []


Underfull \hbox (badness 7273) in paragraph at lines 371--373
[]\TU/나눔고딕(1)/m/n/10 CPU : Intel®
 []


Underfull \hbox (badness 10000) in paragraph at lines 371--373
\TU/나눔고딕(1)/m/n/10 Xeon® CPU
 []


Underfull \hbox (badness 10000) in paragraph at lines 371--373
\TU/나눔고딕(1)/m/n/10 E5-2690v4
 []


Underfull \hbox (badness 10000) in paragraph at lines 371--373
\TU/나눔고딕(1)/m/n/10 @ 2.60GHz
 []


Underfull \hbox (badness 10000) in paragraph at lines 371--373
\TU/나눔고딕(1)/m/n/10 14Core * 2
 []


Underfull \hbox (badness 6252) in paragraph at lines 375--377
[]\TU/나눔고딕(1)/m/n/10 RAM : DDR4
 []


Underfull \hbox (badness 10000) in paragraph at lines 375--377
\TU/나눔고딕(1)/m/n/10 16GB * 16
 []


Underfull \hbox (badness 10000) in paragraph at lines 379--381
\TU/나눔고딕(1)/m/n/10 SSD 800GB *
 []


Underfull \hbox (badness 7273) in paragraph at lines 393--395
[]\TU/나눔고딕(1)/m/n/10 CPU : Intel®
 []


Underfull \hbox (badness 10000) in paragraph at lines 393--395
\TU/나눔고딕(1)/m/n/10 Xeon® Gold
 []


Underfull \hbox (badness 10000) in paragraph at lines 393--395
\TU/나눔고딕(1)/m/n/10 6226R CPU
 []


Underfull \hbox (badness 10000) in paragraph at lines 393--395
\TU/나눔고딕(1)/m/n/10 @ 2.90GHz
 []


Underfull \hbox (badness 10000) in paragraph at lines 393--395
\TU/나눔고딕(1)/m/n/10 16Core * 2
 []


Underfull \hbox (badness 6252) in paragraph at lines 397--399
[]\TU/나눔고딕(1)/m/n/10 RAM : DDR4
 []


Underfull \hbox (badness 10000) in paragraph at lines 397--399
\TU/나눔고딕(1)/m/n/10 32GB * 12
 []


Underfull \hbox (badness 10000) in paragraph at lines 401--403
\TU/나눔고딕(1)/m/n/10 HDD 1.6TB *
 []


Underfull \hbox (badness 10000) in paragraph at lines 405--407
\TU/나눔고딕(1)/m/n/10 A100 40GB *
 []


Underfull \hbox (badness 10000) in paragraph at lines 429--431
[]|\TU/나눔고딕(1)/m/n/10 Data analysis
 []


Package fancyhdr Warning: \headheight is too small (12.0pt): 
(fancyhdr)                Make it at least 23.94965pt, for example:
(fancyhdr)                \setlength{\headheight}{23.94965pt}.
(fancyhdr)                You might also make \topmargin smaller to compensate:

(fancyhdr)                \addtolength{\topmargin}{-11.94965pt}.

[4]
Overfull \vbox (868.99048pt too high) has occurred while \output is active []



Package fancyhdr Warning: \headheight is too small (12.0pt): 
(fancyhdr)                Make it at least 23.94965pt, for example:
(fancyhdr)                \setlength{\headheight}{23.94965pt}.
(fancyhdr)                You might also make \topmargin smaller to compensate:

(fancyhdr)                \addtolength{\topmargin}{-11.94965pt}.

[5]
Underfull \hbox (badness 10000) in paragraph at lines 489--493
[]|\TU/나눔고딕(1)/m/n/10 Version (module
 []


Underfull \hbox (badness 10000) in paragraph at lines 523--525
[][][]$[][][][][] []
 []


Underfull \hbox (badness 10000) in paragraph at lines 523--525
[] [] [][][][][][][] []
 []


Underfull \hbox (badness 10000) in paragraph at lines 523--525
[][][][][][][][][][][] [] [][] []
 []


Underfull \hbox (badness 10000) in paragraph at lines 536--538
[]\TU/나눔고딕(1)/m/n/10 Cluster re-
 []


Underfull \hbox (badness 10000) in paragraph at lines 536--538
\TU/나눔고딕(1)/m/n/10 sources man-
 []


Underfull \hbox (badness 10000) in paragraph at lines 540--542
[][][]$[][][][] [] [] [] [][][] []
 []


Overfull \hbox (16.418pt too wide) in paragraph at lines 540--542
[][][][][][][][][][][][][][][][][] []
 []


Underfull \hbox (badness 10000) in paragraph at lines 540--542
[][][] [] [][][][][][][][] []
 []


Underfull \hbox (badness 10000) in paragraph at lines 557--559
[]\TU/나눔고딕(1)/m/n/10 Reference im-
 []


Underfull \hbox (badness 10000) in paragraph at lines 557--559
\TU/나눔고딕(1)/m/n/10 plementation
 []


Underfull \hbox (badness 10000) in paragraph at lines 561--563
[][][]$[][][][][] [] [] [] [][][] []
 []


Underfull \hbox (badness 10000) in paragraph at lines 577--579
[]\TU/나눔고딕(1)/m/n/10 Compute Uni-
 []


Underfull \hbox (badness 10000) in paragraph at lines 577--579
\TU/나눔고딕(1)/m/n/10 fied Device
 []


Underfull \hbox (badness 10000) in paragraph at lines 577--579
\TU/나눔고딕(1)/m/n/10 Architec-
 []


Underfull \hbox (badness 10000) in paragraph at lines 581--583
[]\TU/나눔고딕(1)/m/n/10 NVIDIA CUDA
 []


Underfull \hbox (badness 10000) in paragraph at lines 581--583
\TU/나눔고딕(1)/m/n/10 Runtime &
 []


Underfull \hbox (badness 10000) in paragraph at lines 585--587
[][][]$[][][][][] []
 []


Underfull \hbox (badness 10000) in paragraph at lines 585--587
[] [] [][][][][][][][][] []
 []


Underfull \hbox (badness 10000) in paragraph at lines 585--587
[][][][][][] [] [][][] []
 []


Underfull \hbox (badness 10000) in paragraph at lines 600--602
[]\TU/나눔고딕(1)/m/n/10 Python based
 []


Underfull \hbox (badness 10000) in paragraph at lines 600--602
\TU/나눔고딕(1)/m/n/10 virtual envi-
 []


Underfull \hbox (badness 10000) in paragraph at lines 604--606
[][][]$[][][][][] [] [] [] [][][] []
 []


Underfull \hbox (badness 10000) in paragraph at lines 609--612
[]|\TU/나눔고딕(1)/m/n/10 2020.11 (conda/
 []


Package fancyhdr Warning: \headheight is too small (12.0pt): 
(fancyhdr)                Make it at least 23.94965pt, for example:
(fancyhdr)                \setlength{\headheight}{23.94965pt}.
(fancyhdr)                You might also make \topmargin smaller to compensate:

(fancyhdr)                \addtolength{\topmargin}{-11.94965pt}.

[6]
Underfull \hbox (badness 10000) in paragraph at lines 649--653
[]|\TU/나눔고딕(1)/m/n/10 Version (module
 []


Underfull \hbox (badness 10000) in paragraph at lines 671--673
[][][]$[][][][][] [] [] [] [][][][] []
 []


Underfull \hbox (badness 10000) in paragraph at lines 671--673
[][][][][][][][] [] [][][] []
 []


Underfull \hbox (badness 10000) in paragraph at lines 671--673
[][] [] [][] [] [][][][][][] []
 []


Underfull \hbox (badness 10000) in paragraph at lines 705--707
[][][]$[][][][][] []
 []


Underfull \hbox (badness 10000) in paragraph at lines 726--728
[][][]$[][][][][] []
 []


Underfull \hbox (badness 10000) in paragraph at lines 748--750
[][][]$[][][][][] []
 []


Underfull \hbox (badness 10000) in paragraph at lines 748--750
[] [] [][][][][][] [] [][][] []
 []


Underfull \hbox (badness 10000) in paragraph at lines 769--771
[][][]$[][][][][] []
 []


Underfull \hbox (badness 10000) in paragraph at lines 769--771
[] [] [][][][][][] [] [][][] []
 []


Underfull \hbox (badness 10000) in paragraph at lines 789--791
[][][]$[][][][][] [] [] [] [][][] []
 []


Overfull \hbox (4.29803pt too wide) in paragraph at lines 789--791
[][][][][][][][][][][][][][] []
 []


Package fancyhdr Warning: \headheight is too small (12.0pt): 
(fancyhdr)                Make it at least 23.94965pt, for example:
(fancyhdr)                \setlength{\headheight}{23.94965pt}.
(fancyhdr)                You might also make \topmargin smaller to compensate:

(fancyhdr)                \addtolength{\topmargin}{-11.94965pt}.

[7]
Overfull \vbox (421.89943pt too high) has occurred while \output is active []



Package fancyhdr Warning: \headheight is too small (12.0pt): 
(fancyhdr)                Make it at least 23.94965pt, for example:
(fancyhdr)                \setlength{\headheight}{23.94965pt}.
(fancyhdr)                You might also make \topmargin smaller to compensate:

(fancyhdr)                \addtolength{\topmargin}{-11.94965pt}.

[8]

LaTeX Font Warning: Font shape `TU/나눔고딕(0)/m/it' undefined
(Font)              using `TU/나눔고딕(0)/m/n' instead on input line 809.


LaTeX Font Warning: Font shape `TU/나눔고딕(1)/m/it' undefined
(Font)              using `TU/나눔고딕(1)/m/n' instead on input line 809.


Package fancyhdr Warning: \headheight is too small (12.0pt): 
(fancyhdr)                Make it at least 23.94965pt, for example:
(fancyhdr)                \setlength{\headheight}{23.94965pt}.
(fancyhdr)                You might also make \topmargin smaller to compensate:

(fancyhdr)                \addtolength{\topmargin}{-11.94965pt}.

[9]

LaTeX Font Warning: Font shape `TU/D2Coding(0)/m/it' undefined
(Font)              using `TU/D2Coding(0)/m/n' instead on input line 865.


Underfull \hbox (badness 10000) in paragraph at lines 913--915
[]\TU/나눔고딕(0)/m/it/10 tem-wn[1001-
 []


Underfull \hbox (badness 10000) in paragraph at lines 913--915
\TU/나눔고딕(0)/m/it/10 1002]-
 []


Underfull \hbox (badness 10000) in paragraph at lines 913--915
\TU/나눔고딕(0)/m/it/10 el7.sdfarm.kr
 []


Underfull \hbox (badness 10000) in paragraph at lines 913--915
\TU/나눔고딕(0)/m/it/10 (36 cores and
 []


Underfull \hbox (badness 10000) in paragraph at lines 917--919
[]\TU/나눔고딕(0)/m/it/10 tem-wn[1003-
 []


Underfull \hbox (badness 10000) in paragraph at lines 917--919
\TU/나눔고딕(0)/m/it/10 1013]-
 []


Underfull \hbox (badness 10000) in paragraph at lines 917--919
\TU/나눔고딕(0)/m/it/10 el7.sdfarm.kr
 []


Underfull \hbox (badness 10000) in paragraph at lines 917--919
\TU/나눔고딕(0)/m/it/10 (28 cores and
 []


Underfull \hbox (badness 10000) in paragraph at lines 923--925
[]\TU/나눔고딕(0)/m/it/10 380 Physical
 []


Underfull \hbox (badness 10000) in paragraph at lines 933--935
[]\TU/나눔고딕(0)/m/it/10 tem-
 []


Underfull \hbox (badness 10000) in paragraph at lines 933--935
\TU/나눔고딕(0)/m/it/10 gpu[01-03]-
 []


Underfull \hbox (badness 10000) in paragraph at lines 933--935
\TU/나눔고딕(0)/m/it/10 el7.sdfarm.kr
 []


Underfull \hbox (badness 10000) in paragraph at lines 933--935
\TU/나눔고딕(0)/m/it/10 (28 cores, 2
 []


Underfull \hbox (badness 10000) in paragraph at lines 937--939
[]\TU/나눔고딕(0)/m/it/10 tem-
 []


Underfull \hbox (badness 10000) in paragraph at lines 937--939
\TU/나눔고딕(0)/m/it/10 gpu[04-05]-
 []


Underfull \hbox (badness 10000) in paragraph at lines 937--939
\TU/나눔고딕(0)/m/it/10 el7.sdfarm.kr
 []


Underfull \hbox (badness 10000) in paragraph at lines 937--939
\TU/나눔고딕(0)/m/it/10 (28 cores, 2
 []


Underfull \hbox (badness 10000) in paragraph at lines 941--943
[]\TU/나눔고딕(0)/m/it/10 tem-
 []


Underfull \hbox (badness 10000) in paragraph at lines 941--943
\TU/나눔고딕(0)/m/it/10 gpu[06-07]-
 []


Underfull \hbox (badness 10000) in paragraph at lines 941--943
\TU/나눔고딕(0)/m/it/10 el7.sdfarm.kr
 []


Underfull \hbox (badness 10000) in paragraph at lines 941--943
\TU/나눔고딕(0)/m/it/10 (32 cores, 2
 []


Underfull \hbox (badness 10000) in paragraph at lines 947--949
[]\TU/나눔고딕(0)/m/it/10 204 Physical
 []


Underfull \hbox (badness 6859) in paragraph at lines 959--961
[]\TU/나눔고딕(0)/m/it/10 P40 24GB de-
 []


Package fancyhdr Warning: \headheight is too small (12.0pt): 
(fancyhdr)                Make it at least 23.94965pt, for example:
(fancyhdr)                \setlength{\headheight}{23.94965pt}.
(fancyhdr)                You might also make \topmargin smaller to compensate:

(fancyhdr)                \addtolength{\topmargin}{-11.94965pt}.

[10]
Overfull \vbox (0.96674pt too high) detected at line 1005
 []


Package fancyhdr Warning: \headheight is too small (12.0pt): 
(fancyhdr)                Make it at least 23.94965pt, for example:
(fancyhdr)                \setlength{\headheight}{23.94965pt}.
(fancyhdr)                You might also make \topmargin smaller to compensate:

(fancyhdr)                \addtolength{\topmargin}{-11.94965pt}.

[11]

Package fancyhdr Warning: \headheight is too small (12.0pt): 
(fancyhdr)                Make it at least 23.94965pt, for example:
(fancyhdr)                \setlength{\headheight}{23.94965pt}.
(fancyhdr)                You might also make \topmargin smaller to compensate:

(fancyhdr)                \addtolength{\topmargin}{-11.94965pt}.

[12]
Underfull \vbox (badness 10000) detected at line 1219
 []


Underfull \vbox (badness 10000) detected at line 1219
 []


Package fancyhdr Warning: \headheight is too small (12.0pt): 
(fancyhdr)                Make it at least 23.94965pt, for example:
(fancyhdr)                \setlength{\headheight}{23.94965pt}.
(fancyhdr)                You might also make \topmargin smaller to compensate:

(fancyhdr)                \addtolength{\topmargin}{-11.94965pt}.

[13]
Underfull \vbox (badness 10000) detected at line 1219
 []


Underfull \vbox (badness 10000) detected at line 1219
 []


Package fancyhdr Warning: \headheight is too small (12.0pt): 
(fancyhdr)                Make it at least 23.94965pt, for example:
(fancyhdr)                \setlength{\headheight}{23.94965pt}.
(fancyhdr)                You might also make \topmargin smaller to compensate:

(fancyhdr)                \addtolength{\topmargin}{-11.94965pt}.

[14]
Underfull \vbox (badness 10000) detected at line 1219
 []


Underfull \vbox (badness 10000) detected at line 1219
 []


Package fancyhdr Warning: \headheight is too small (12.0pt): 
(fancyhdr)                Make it at least 23.94965pt, for example:
(fancyhdr)                \setlength{\headheight}{23.94965pt}.
(fancyhdr)                You might also make \topmargin smaller to compensate:

(fancyhdr)                \addtolength{\topmargin}{-11.94965pt}.

[15]
Underfull \vbox (badness 10000) detected at line 1219
 []


Underfull \vbox (badness 10000) detected at line 1219
 []


Package fancyhdr Warning: \headheight is too small (12.0pt): 
(fancyhdr)                Make it at least 23.94965pt, for example:
(fancyhdr)                \setlength{\headheight}{23.94965pt}.
(fancyhdr)                You might also make \topmargin smaller to compensate:

(fancyhdr)                \addtolength{\topmargin}{-11.94965pt}.

[16]

Package fancyhdr Warning: \headheight is too small (12.0pt): 
(fancyhdr)                Make it at least 23.94965pt, for example:
(fancyhdr)                \setlength{\headheight}{23.94965pt}.
(fancyhdr)                You might also make \topmargin smaller to compensate:

(fancyhdr)                \addtolength{\topmargin}{-11.94965pt}.

[17]
Underfull \vbox (badness 5331) detected at line 1273
 []


Package fancyhdr Warning: \headheight is too small (12.0pt): 
(fancyhdr)                Make it at least 23.94965pt, for example:
(fancyhdr)                \setlength{\headheight}{23.94965pt}.
(fancyhdr)                You might also make \topmargin smaller to compensate:

(fancyhdr)                \addtolength{\topmargin}{-11.94965pt}.

[18]

Package fancyhdr Warning: \headheight is too small (12.0pt): 
(fancyhdr)                Make it at least 23.94965pt, for example:
(fancyhdr)                \setlength{\headheight}{23.94965pt}.
(fancyhdr)                You might also make \topmargin smaller to compensate:

(fancyhdr)                \addtolength{\topmargin}{-11.94965pt}.

[19]

Package fancyhdr Warning: \headheight is too small (12.0pt): 
(fancyhdr)                Make it at least 23.94965pt, for example:
(fancyhdr)                \setlength{\headheight}{23.94965pt}.
(fancyhdr)                You might also make \topmargin smaller to compensate:

(fancyhdr)                \addtolength{\topmargin}{-11.94965pt}.

[20

]
Chapter 3.
File: mobaxterm_resized.JPG Graphic file (type bmp)
<mobaxterm_resized.JPG>
[21]
File: putty-1_resized.JPG Graphic file (type bmp)
<putty-1_resized.JPG>
File: putty-2_resized.JPG Graphic file (type bmp)
<putty-2_resized.JPG>


Package fancyhdr Warning: \headheight is too small (12.0pt): 
(fancyhdr)                Make it at least 23.94965pt, for example:
(fancyhdr)                \setlength{\headheight}{23.94965pt}.
(fancyhdr)                You might also make \topmargin smaller to compensate:

(fancyhdr)                \addtolength{\topmargin}{-11.94965pt}.

[22]

Package fancyhdr Warning: \headheight is too small (12.0pt): 
(fancyhdr)                Make it at least 23.94965pt, for example:
(fancyhdr)                \setlength{\headheight}{23.94965pt}.
(fancyhdr)                You might also make \topmargin smaller to compensate:

(fancyhdr)                \addtolength{\topmargin}{-11.94965pt}.

[23]

Package fancyhdr Warning: \headheight is too small (12.0pt): 
(fancyhdr)                Make it at least 23.94965pt, for example:
(fancyhdr)                \setlength{\headheight}{23.94965pt}.
(fancyhdr)                You might also make \topmargin smaller to compensate:

(fancyhdr)                \addtolength{\topmargin}{-11.94965pt}.

[24]

Package fancyhdr Warning: \headheight is too small (12.0pt): 
(fancyhdr)                Make it at least 23.94965pt, for example:
(fancyhdr)                \setlength{\headheight}{23.94965pt}.
(fancyhdr)                You might also make \topmargin smaller to compensate:

(fancyhdr)                \addtolength{\topmargin}{-11.94965pt}.

[25]

Package fancyhdr Warning: \headheight is too small (12.0pt): 
(fancyhdr)                Make it at least 23.94965pt, for example:
(fancyhdr)                \setlength{\headheight}{23.94965pt}.
(fancyhdr)                You might also make \topmargin smaller to compensate:

(fancyhdr)                \addtolength{\topmargin}{-11.94965pt}.

[26]

Package fancyhdr Warning: \headheight is too small (12.0pt): 
(fancyhdr)                Make it at least 23.94965pt, for example:
(fancyhdr)                \setlength{\headheight}{23.94965pt}.
(fancyhdr)                You might also make \topmargin smaller to compensate:

(fancyhdr)                \addtolength{\topmargin}{-11.94965pt}.

[27]

Package fancyhdr Warning: \headheight is too small (12.0pt): 
(fancyhdr)                Make it at least 23.94965pt, for example:
(fancyhdr)                \setlength{\headheight}{23.94965pt}.
(fancyhdr)                You might also make \topmargin smaller to compensate:

(fancyhdr)                \addtolength{\topmargin}{-11.94965pt}.

[28]

Package fancyhdr Warning: \headheight is too small (12.0pt): 
(fancyhdr)                Make it at least 23.94965pt, for example:
(fancyhdr)                \setlength{\headheight}{23.94965pt}.
(fancyhdr)                You might also make \topmargin smaller to compensate:

(fancyhdr)                \addtolength{\topmargin}{-11.94965pt}.

[29]

Package fancyhdr Warning: \headheight is too small (12.0pt): 
(fancyhdr)                Make it at least 23.94965pt, for example:
(fancyhdr)                \setlength{\headheight}{23.94965pt}.
(fancyhdr)                You might also make \topmargin smaller to compensate:

(fancyhdr)                \addtolength{\topmargin}{-11.94965pt}.

[30]
Chapter 4.
File: batch.png Graphic file (type bmp)
<batch.png>

Underfull \hbox (badness 10000) in paragraph at lines 1906--1908
[]\TU/나눔고딕(0)/m/it/10 tem-wn[1001-
 []


Underfull \hbox (badness 10000) in paragraph at lines 1906--1908
\TU/나눔고딕(0)/m/it/10 1002]-
 []


Underfull \hbox (badness 10000) in paragraph at lines 1906--1908
\TU/나눔고딕(0)/m/it/10 el7.sdfarm.kr
 []


Underfull \hbox (badness 10000) in paragraph at lines 1906--1908
\TU/나눔고딕(0)/m/it/10 (36 cores and
 []


Underfull \hbox (badness 10000) in paragraph at lines 1910--1912
[]\TU/나눔고딕(0)/m/it/10 tem-wn[1003-
 []


Underfull \hbox (badness 10000) in paragraph at lines 1910--1912
\TU/나눔고딕(0)/m/it/10 1013]-
 []


Underfull \hbox (badness 10000) in paragraph at lines 1910--1912
\TU/나눔고딕(0)/m/it/10 el7.sdfarm.kr
 []


Underfull \hbox (badness 10000) in paragraph at lines 1910--1912
\TU/나눔고딕(0)/m/it/10 (28 cores and
 []


Underfull \hbox (badness 10000) in paragraph at lines 1916--1918
[]\TU/나눔고딕(0)/m/it/10 380 Physical
 []


Underfull \hbox (badness 10000) in paragraph at lines 1926--1928
[]\TU/나눔고딕(0)/m/it/10 tem-
 []


Underfull \hbox (badness 10000) in paragraph at lines 1926--1928
\TU/나눔고딕(0)/m/it/10 gpu[01-03]-
 []


Underfull \hbox (badness 10000) in paragraph at lines 1926--1928
\TU/나눔고딕(0)/m/it/10 el7.sdfarm.kr
 []


Underfull \hbox (badness 10000) in paragraph at lines 1926--1928
\TU/나눔고딕(0)/m/it/10 (28 cores, 2
 []


Underfull \hbox (badness 10000) in paragraph at lines 1930--1932
[]\TU/나눔고딕(0)/m/it/10 tem-
 []


Underfull \hbox (badness 10000) in paragraph at lines 1930--1932
\TU/나눔고딕(0)/m/it/10 gpu[04-05]-
 []


Underfull \hbox (badness 10000) in paragraph at lines 1930--1932
\TU/나눔고딕(0)/m/it/10 el7.sdfarm.kr
 []


Underfull \hbox (badness 10000) in paragraph at lines 1930--1932
\TU/나눔고딕(0)/m/it/10 (28 cores, 2
 []


Underfull \hbox (badness 10000) in paragraph at lines 1934--1936
[]\TU/나눔고딕(0)/m/it/10 tem-
 []


Underfull \hbox (badness 10000) in paragraph at lines 1934--1936
\TU/나눔고딕(0)/m/it/10 gpu[06-07]-
 []


Underfull \hbox (badness 10000) in paragraph at lines 1934--1936
\TU/나눔고딕(0)/m/it/10 el7.sdfarm.kr
 []


Underfull \hbox (badness 10000) in paragraph at lines 1934--1936
\TU/나눔고딕(0)/m/it/10 (32 cores, 2
 []


Underfull \hbox (badness 10000) in paragraph at lines 1940--1942
[]\TU/나눔고딕(0)/m/it/10 204 Physical
 []


Underfull \hbox (badness 6859) in paragraph at lines 1952--1954
[]\TU/나눔고딕(0)/m/it/10 P40 24GB de-
 []

[31

]

Package fancyhdr Warning: \headheight is too small (12.0pt): 
(fancyhdr)                Make it at least 23.94965pt, for example:
(fancyhdr)                \setlength{\headheight}{23.94965pt}.
(fancyhdr)                You might also make \topmargin smaller to compensate:

(fancyhdr)                \addtolength{\topmargin}{-11.94965pt}.

[32]
Chapter 5.
[33

]

Package fancyhdr Warning: \headheight is too small (12.0pt): 
(fancyhdr)                Make it at least 23.94965pt, for example:
(fancyhdr)                \setlength{\headheight}{23.94965pt}.
(fancyhdr)                You might also make \topmargin smaller to compensate:

(fancyhdr)                \addtolength{\topmargin}{-11.94965pt}.

[34]
File: relion-screenshot.png Graphic file (type bmp)
<relion-screenshot.png>


Package fancyhdr Warning: \headheight is too small (12.0pt): 
(fancyhdr)                Make it at least 23.94965pt, for example:
(fancyhdr)                \setlength{\headheight}{23.94965pt}.
(fancyhdr)                You might also make \topmargin smaller to compensate:

(fancyhdr)                \addtolength{\topmargin}{-11.94965pt}.

[35]
Underfull \hbox (badness 10000) in paragraph at lines 2256--2256
[]\TU/나눔고딕(0)/m/it/10 Variable
 []


Underfull \hbox (badness 10000) in paragraph at lines 2256--2256
[]\TU/나눔고딕(1)/b/n/10 XXXcom-
 []


Underfull \hbox (badness 10000) in paragraph at lines 2256--2256
[]\TU/나눔고딕(1)/b/n/10 XXXmpin-
 []


Underfull \hbox (badness 10000) in paragraph at lines 2256--2256
[]\TU/나눔고딕(1)/b/n/10 XXXthread-
 []


Underfull \hbox (badness 10000) in paragraph at lines 2256--2256
[]\TU/나눔고딕(1)/b/n/10 XXXdedicat-
 []


Package fancyhdr Warning: \headheight is too small (12.0pt): 
(fancyhdr)                Make it at least 23.94965pt, for example:
(fancyhdr)                \setlength{\headheight}{23.94965pt}.
(fancyhdr)                You might also make \topmargin smaller to compensate:

(fancyhdr)                \addtolength{\topmargin}{-11.94965pt}.

[36]
File: relion-cpu.jpg Graphic file (type bmp)
<relion-cpu.jpg>


Package fancyhdr Warning: \headheight is too small (12.0pt): 
(fancyhdr)                Make it at least 23.94965pt, for example:
(fancyhdr)                \setlength{\headheight}{23.94965pt}.
(fancyhdr)                You might also make \topmargin smaller to compensate:

(fancyhdr)                \addtolength{\topmargin}{-11.94965pt}.

[37]

Package fancyhdr Warning: \headheight is too small (12.0pt): 
(fancyhdr)                Make it at least 23.94965pt, for example:
(fancyhdr)                \setlength{\headheight}{23.94965pt}.
(fancyhdr)                You might also make \topmargin smaller to compensate:

(fancyhdr)                \addtolength{\topmargin}{-11.94965pt}.

[38]

Package fancyhdr Warning: \headheight is too small (12.0pt): 
(fancyhdr)                Make it at least 23.94965pt, for example:
(fancyhdr)                \setlength{\headheight}{23.94965pt}.
(fancyhdr)                You might also make \topmargin smaller to compensate:

(fancyhdr)                \addtolength{\topmargin}{-11.94965pt}.

[39]
File: relion-script-description.png Graphic file (type bmp)
<relion-script-description.png>


Package fancyhdr Warning: \headheight is too small (12.0pt): 
(fancyhdr)                Make it at least 23.94965pt, for example:
(fancyhdr)                \setlength{\headheight}{23.94965pt}.
(fancyhdr)                You might also make \topmargin smaller to compensate:

(fancyhdr)                \addtolength{\topmargin}{-11.94965pt}.

[40]
File: relion-gpu-node-allocation.png Graphic file (type bmp)
<relion-gpu-node-allocation.png>


Package fancyhdr Warning: \headheight is too small (12.0pt): 
(fancyhdr)                Make it at least 23.94965pt, for example:
(fancyhdr)                \setlength{\headheight}{23.94965pt}.
(fancyhdr)                You might also make \topmargin smaller to compensate:

(fancyhdr)                \addtolength{\topmargin}{-11.94965pt}.

[41]

Package fancyhdr Warning: \headheight is too small (12.0pt): 
(fancyhdr)                Make it at least 23.94965pt, for example:
(fancyhdr)                \setlength{\headheight}{23.94965pt}.
(fancyhdr)                You might also make \topmargin smaller to compensate:

(fancyhdr)                \addtolength{\topmargin}{-11.94965pt}.

[42]
File: relion-motioncor1.png Graphic file (type bmp)
<relion-motioncor1.png>


Package fancyhdr Warning: \headheight is too small (12.0pt): 
(fancyhdr)                Make it at least 23.94965pt, for example:
(fancyhdr)                \setlength{\headheight}{23.94965pt}.
(fancyhdr)                You might also make \topmargin smaller to compensate:

(fancyhdr)                \addtolength{\topmargin}{-11.94965pt}.

[43]
File: relion-motioncor2.png Graphic file (type bmp)
<relion-motioncor2.png>


Package fancyhdr Warning: \headheight is too small (12.0pt): 
(fancyhdr)                Make it at least 23.94965pt, for example:
(fancyhdr)                \setlength{\headheight}{23.94965pt}.
(fancyhdr)                You might also make \topmargin smaller to compensate:

(fancyhdr)                \addtolength{\topmargin}{-11.94965pt}.

[44]
File: motioncor2-1.png Graphic file (type bmp)
<motioncor2-1.png>


Package fancyhdr Warning: \headheight is too small (12.0pt): 
(fancyhdr)                Make it at least 23.94965pt, for example:
(fancyhdr)                \setlength{\headheight}{23.94965pt}.
(fancyhdr)                You might also make \topmargin smaller to compensate:

(fancyhdr)                \addtolength{\topmargin}{-11.94965pt}.

[45]
File: motioncor2-2.png Graphic file (type bmp)
<motioncor2-2.png>


Package fancyhdr Warning: \headheight is too small (12.0pt): 
(fancyhdr)                Make it at least 23.94965pt, for example:
(fancyhdr)                \setlength{\headheight}{23.94965pt}.
(fancyhdr)                You might also make \topmargin smaller to compensate:

(fancyhdr)                \addtolength{\topmargin}{-11.94965pt}.

[46]
File: ctffind-1.png Graphic file (type bmp)
<ctffind-1.png>


Package fancyhdr Warning: \headheight is too small (12.0pt): 
(fancyhdr)                Make it at least 23.94965pt, for example:
(fancyhdr)                \setlength{\headheight}{23.94965pt}.
(fancyhdr)                You might also make \topmargin smaller to compensate:

(fancyhdr)                \addtolength{\topmargin}{-11.94965pt}.

[47]
File: ctffind-2.png Graphic file (type bmp)
<ctffind-2.png>


Package fancyhdr Warning: \headheight is too small (12.0pt): 
(fancyhdr)                Make it at least 23.94965pt, for example:
(fancyhdr)                \setlength{\headheight}{23.94965pt}.
(fancyhdr)                You might also make \topmargin smaller to compensate:

(fancyhdr)                \addtolength{\topmargin}{-11.94965pt}.

[48]
File: gctf-1.png Graphic file (type bmp)
<gctf-1.png>


Package fancyhdr Warning: \headheight is too small (12.0pt): 
(fancyhdr)                Make it at least 23.94965pt, for example:
(fancyhdr)                \setlength{\headheight}{23.94965pt}.
(fancyhdr)                You might also make \topmargin smaller to compensate:

(fancyhdr)                \addtolength{\topmargin}{-11.94965pt}.

[49]
File: gctf-2.png Graphic file (type bmp)
<gctf-2.png>


Package fancyhdr Warning: \headheight is too small (12.0pt): 
(fancyhdr)                Make it at least 23.94965pt, for example:
(fancyhdr)                \setlength{\headheight}{23.94965pt}.
(fancyhdr)                You might also make \topmargin smaller to compensate:

(fancyhdr)                \addtolength{\topmargin}{-11.94965pt}.

[50]
File: 2dclass-1.png Graphic file (type bmp)
<2dclass-1.png>


Package fancyhdr Warning: \headheight is too small (12.0pt): 
(fancyhdr)                Make it at least 23.94965pt, for example:
(fancyhdr)                \setlength{\headheight}{23.94965pt}.
(fancyhdr)                You might also make \topmargin smaller to compensate:

(fancyhdr)                \addtolength{\topmargin}{-11.94965pt}.

[51]
File: 2dclass-2.png Graphic file (type bmp)
<2dclass-2.png>


Package fancyhdr Warning: \headheight is too small (12.0pt): 
(fancyhdr)                Make it at least 23.94965pt, for example:
(fancyhdr)                \setlength{\headheight}{23.94965pt}.
(fancyhdr)                You might also make \topmargin smaller to compensate:

(fancyhdr)                \addtolength{\topmargin}{-11.94965pt}.

[52]
File: 2dclassgpu-1.png Graphic file (type bmp)
<2dclassgpu-1.png>


Package fancyhdr Warning: \headheight is too small (12.0pt): 
(fancyhdr)                Make it at least 23.94965pt, for example:
(fancyhdr)                \setlength{\headheight}{23.94965pt}.
(fancyhdr)                You might also make \topmargin smaller to compensate:

(fancyhdr)                \addtolength{\topmargin}{-11.94965pt}.

[53]
File: 2dclassgpu-2.png Graphic file (type bmp)
<2dclassgpu-2.png>


Package fancyhdr Warning: \headheight is too small (12.0pt): 
(fancyhdr)                Make it at least 23.94965pt, for example:
(fancyhdr)                \setlength{\headheight}{23.94965pt}.
(fancyhdr)                You might also make \topmargin smaller to compensate:

(fancyhdr)                \addtolength{\topmargin}{-11.94965pt}.

[54]

Package fancyhdr Warning: \headheight is too small (12.0pt): 
(fancyhdr)                Make it at least 23.94965pt, for example:
(fancyhdr)                \setlength{\headheight}{23.94965pt}.
(fancyhdr)                You might also make \topmargin smaller to compensate:

(fancyhdr)                \addtolength{\topmargin}{-11.94965pt}.

[55]

Package fancyhdr Warning: \headheight is too small (12.0pt): 
(fancyhdr)                Make it at least 23.94965pt, for example:
(fancyhdr)                \setlength{\headheight}{23.94965pt}.
(fancyhdr)                You might also make \topmargin smaller to compensate:

(fancyhdr)                \addtolength{\topmargin}{-11.94965pt}.

[56

]
Chapter 6.
[57]
File: cistem-screenshot-re.png Graphic file (type bmp)
<cistem-screenshot-re.png>


Package fancyhdr Warning: \headheight is too small (12.0pt): 
(fancyhdr)                Make it at least 23.94965pt, for example:
(fancyhdr)                \setlength{\headheight}{23.94965pt}.
(fancyhdr)                You might also make \topmargin smaller to compensate:

(fancyhdr)                \addtolength{\topmargin}{-11.94965pt}.

[58]

Package fancyhdr Warning: \headheight is too small (12.0pt): 
(fancyhdr)                Make it at least 23.94965pt, for example:
(fancyhdr)                \setlength{\headheight}{23.94965pt}.
(fancyhdr)                You might also make \topmargin smaller to compensate:

(fancyhdr)                \addtolength{\topmargin}{-11.94965pt}.

[59]
File: cistem-run-profile-re.png Graphic file (type bmp)
<cistem-run-profile-re.png>


Package fancyhdr Warning: \headheight is too small (12.0pt): 
(fancyhdr)                Make it at least 23.94965pt, for example:
(fancyhdr)                \setlength{\headheight}{23.94965pt}.
(fancyhdr)                You might also make \topmargin smaller to compensate:

(fancyhdr)                \addtolength{\topmargin}{-11.94965pt}.

[60]
File: cisTEM-importmovies.png Graphic file (type bmp)
<cisTEM-importmovies.png>


Package fancyhdr Warning: \headheight is too small (12.0pt): 
(fancyhdr)                Make it at least 23.94965pt, for example:
(fancyhdr)                \setlength{\headheight}{23.94965pt}.
(fancyhdr)                You might also make \topmargin smaller to compensate:

(fancyhdr)                \addtolength{\topmargin}{-11.94965pt}.

[61]
File: cisTEM-alignmovies-1.png Graphic file (type bmp)
<cisTEM-alignmovies-1.png>


Package fancyhdr Warning: \headheight is too small (12.0pt): 
(fancyhdr)                Make it at least 23.94965pt, for example:
(fancyhdr)                \setlength{\headheight}{23.94965pt}.
(fancyhdr)                You might also make \topmargin smaller to compensate:

(fancyhdr)                \addtolength{\topmargin}{-11.94965pt}.

[62]
File: cisTEM-alignmovies-2.png Graphic file (type bmp)
<cisTEM-alignmovies-2.png>


Package fancyhdr Warning: \headheight is too small (12.0pt): 
(fancyhdr)                Make it at least 23.94965pt, for example:
(fancyhdr)                \setlength{\headheight}{23.94965pt}.
(fancyhdr)                You might also make \topmargin smaller to compensate:

(fancyhdr)                \addtolength{\topmargin}{-11.94965pt}.

[63]

Package fancyhdr Warning: \headheight is too small (12.0pt): 
(fancyhdr)                Make it at least 23.94965pt, for example:
(fancyhdr)                \setlength{\headheight}{23.94965pt}.
(fancyhdr)                You might also make \topmargin smaller to compensate:

(fancyhdr)                \addtolength{\topmargin}{-11.94965pt}.

[64]
Chapter 7.
[65

]

Package fancyhdr Warning: \headheight is too small (12.0pt): 
(fancyhdr)                Make it at least 23.94965pt, for example:
(fancyhdr)                \setlength{\headheight}{23.94965pt}.
(fancyhdr)                You might also make \topmargin smaller to compensate:

(fancyhdr)                \addtolength{\topmargin}{-11.94965pt}.

[66]

Package fancyhdr Warning: \headheight is too small (12.0pt): 
(fancyhdr)                Make it at least 23.94965pt, for example:
(fancyhdr)                \setlength{\headheight}{23.94965pt}.
(fancyhdr)                You might also make \topmargin smaller to compensate:

(fancyhdr)                \addtolength{\topmargin}{-11.94965pt}.

[67]

Package fancyhdr Warning: \headheight is too small (12.0pt): 
(fancyhdr)                Make it at least 23.94965pt, for example:
(fancyhdr)                \setlength{\headheight}{23.94965pt}.
(fancyhdr)                You might also make \topmargin smaller to compensate:

(fancyhdr)                \addtolength{\topmargin}{-11.94965pt}.

[68]
File: mobaxterm-tunnel1-el7.JPG Graphic file (type bmp)
<mobaxterm-tunnel1-el7.JPG>
File: putty-tunnel.JPG Graphic file (type bmp)
<putty-tunnel.JPG>


Package fancyhdr Warning: \headheight is too small (12.0pt): 
(fancyhdr)                Make it at least 23.94965pt, for example:
(fancyhdr)                \setlength{\headheight}{23.94965pt}.
(fancyhdr)                You might also make \topmargin smaller to compensate:

(fancyhdr)                \addtolength{\topmargin}{-11.94965pt}.

[69]
File: cryosparc-login.png Graphic file (type bmp)
<cryosparc-login.png>


Package fancyhdr Warning: \headheight is too small (12.0pt): 
(fancyhdr)                Make it at least 23.94965pt, for example:
(fancyhdr)                \setlength{\headheight}{23.94965pt}.
(fancyhdr)                You might also make \topmargin smaller to compensate:

(fancyhdr)                \addtolength{\topmargin}{-11.94965pt}.

[70]
File: cryosparc-dashboard.png Graphic file (type bmp)
<cryosparc-dashboard.png>
File: cryosparc-project.png Graphic file (type bmp)
<cryosparc-project.png>


Package fancyhdr Warning: \headheight is too small (12.0pt): 
(fancyhdr)                Make it at least 23.94965pt, for example:
(fancyhdr)                \setlength{\headheight}{23.94965pt}.
(fancyhdr)                You might also make \topmargin smaller to compensate:

(fancyhdr)                \addtolength{\topmargin}{-11.94965pt}.

[71]
File: cryosparc-cluster.png Graphic file (type bmp)
<cryosparc-cluster.png>


Package fancyhdr Warning: \headheight is too small (12.0pt): 
(fancyhdr)                Make it at least 23.94965pt, for example:
(fancyhdr)                \setlength{\headheight}{23.94965pt}.
(fancyhdr)                You might also make \topmargin smaller to compensate:

(fancyhdr)                \addtolength{\topmargin}{-11.94965pt}.

[72]

Package fancyhdr Warning: \headheight is too small (12.0pt): 
(fancyhdr)                Make it at least 23.94965pt, for example:
(fancyhdr)                \setlength{\headheight}{23.94965pt}.
(fancyhdr)                You might also make \topmargin smaller to compensate:

(fancyhdr)                \addtolength{\topmargin}{-11.94965pt}.

[73]
File: cryosparc-maxgpus.png Graphic file (type bmp)
<cryosparc-maxgpus.png>


Package fancyhdr Warning: \headheight is too small (12.0pt): 
(fancyhdr)                Make it at least 23.94965pt, for example:
(fancyhdr)                \setlength{\headheight}{23.94965pt}.
(fancyhdr)                You might also make \topmargin smaller to compensate:

(fancyhdr)                \addtolength{\topmargin}{-11.94965pt}.

[74]
Underfull \vbox (badness 10000) detected at line 3715
 []


Underfull \vbox (badness 10000) detected at line 3715
 []


Package fancyhdr Warning: \headheight is too small (12.0pt): 
(fancyhdr)                Make it at least 23.94965pt, for example:
(fancyhdr)                \setlength{\headheight}{23.94965pt}.
(fancyhdr)                You might also make \topmargin smaller to compensate:

(fancyhdr)                \addtolength{\topmargin}{-11.94965pt}.

[75]

Package fancyhdr Warning: \headheight is too small (12.0pt): 
(fancyhdr)                Make it at least 23.94965pt, for example:
(fancyhdr)                \setlength{\headheight}{23.94965pt}.
(fancyhdr)                You might also make \topmargin smaller to compensate:

(fancyhdr)                \addtolength{\topmargin}{-11.94965pt}.

[76]
Chapter 8.
[77

]
Underfull \hbox (badness 10000) in paragraph at lines 3826--3828
[]\TU/나눔고딕(0)/m/it/10 Please refer to [][]$[][][][][] [] [] [] [][][][][] [] []
[][][][][][][][] [] [][][] [] [][][][][][][][][][][][][][][][] [] [][][][][][][
][][][][][][][][][][][][][][][][][][][][][][][] []
 []


Package fancyhdr Warning: \headheight is too small (12.0pt): 
(fancyhdr)                Make it at least 23.94965pt, for example:
(fancyhdr)                \setlength{\headheight}{23.94965pt}.
(fancyhdr)                You might also make \topmargin smaller to compensate:

(fancyhdr)                \addtolength{\topmargin}{-11.94965pt}.

[78]
File: relion-topaz.png Graphic file (type bmp)
<relion-topaz.png>
File: relion-topaz2.png Graphic file (type bmp)
<relion-topaz2.png>


Package fancyhdr Warning: \headheight is too small (12.0pt): 
(fancyhdr)                Make it at least 23.94965pt, for example:
(fancyhdr)                \setlength{\headheight}{23.94965pt}.
(fancyhdr)                You might also make \topmargin smaller to compensate:

(fancyhdr)                \addtolength{\topmargin}{-11.94965pt}.

[79]

Package fancyhdr Warning: \headheight is too small (12.0pt): 
(fancyhdr)                Make it at least 23.94965pt, for example:
(fancyhdr)                \setlength{\headheight}{23.94965pt}.
(fancyhdr)                You might also make \topmargin smaller to compensate:

(fancyhdr)                \addtolength{\topmargin}{-11.94965pt}.

[80]
Chapter 9.
[81

]

Package fancyhdr Warning: \headheight is too small (12.0pt): 
(fancyhdr)                Make it at least 23.94965pt, for example:
(fancyhdr)                \setlength{\headheight}{23.94965pt}.
(fancyhdr)                You might also make \topmargin smaller to compensate:

(fancyhdr)                \addtolength{\topmargin}{-11.94965pt}.

[82]
Underfull \hbox (badness 10000) in paragraph at lines 4025--4028
\TU/나눔고딕(0)/m/it/10 The following update guides summarize the procedure for cry
osparc[] s master and
 []


Package fancyhdr Warning: \headheight is too small (12.0pt): 
(fancyhdr)                Make it at least 23.94965pt, for example:
(fancyhdr)                \setlength{\headheight}{23.94965pt}.
(fancyhdr)                You might also make \topmargin smaller to compensate:

(fancyhdr)                \addtolength{\topmargin}{-11.94965pt}.

[83]

Package fancyhdr Warning: \headheight is too small (12.0pt): 
(fancyhdr)                Make it at least 23.94965pt, for example:
(fancyhdr)                \setlength{\headheight}{23.94965pt}.
(fancyhdr)                You might also make \topmargin smaller to compensate:

(fancyhdr)                \addtolength{\topmargin}{-11.94965pt}.

[84]

Package fancyhdr Warning: \headheight is too small (12.0pt): 
(fancyhdr)                Make it at least 23.94965pt, for example:
(fancyhdr)                \setlength{\headheight}{23.94965pt}.
(fancyhdr)                You might also make \topmargin smaller to compensate:

(fancyhdr)                \addtolength{\topmargin}{-11.94965pt}.

[85]

Package fancyhdr Warning: \headheight is too small (12.0pt): 
(fancyhdr)                Make it at least 23.94965pt, for example:
(fancyhdr)                \setlength{\headheight}{23.94965pt}.
(fancyhdr)                You might also make \topmargin smaller to compensate:

(fancyhdr)                \addtolength{\topmargin}{-11.94965pt}.

[86]
Underfull \vbox (badness 10000) detected at line 4398
 []


Underfull \vbox (badness 10000) detected at line 4398
 []


Package fancyhdr Warning: \headheight is too small (12.0pt): 
(fancyhdr)                Make it at least 23.94965pt, for example:
(fancyhdr)                \setlength{\headheight}{23.94965pt}.
(fancyhdr)                You might also make \topmargin smaller to compensate:

(fancyhdr)                \addtolength{\topmargin}{-11.94965pt}.

[87]
Underfull \vbox (badness 10000) detected at line 4398
 []


Underfull \vbox (badness 10000) detected at line 4398
 []


Package fancyhdr Warning: \headheight is too small (12.0pt): 
(fancyhdr)                Make it at least 23.94965pt, for example:
(fancyhdr)                \setlength{\headheight}{23.94965pt}.
(fancyhdr)                You might also make \topmargin smaller to compensate:

(fancyhdr)                \addtolength{\topmargin}{-11.94965pt}.

[88]

Package fancyhdr Warning: \headheight is too small (12.0pt): 
(fancyhdr)                Make it at least 23.94965pt, for example:
(fancyhdr)                \setlength{\headheight}{23.94965pt}.
(fancyhdr)                You might also make \topmargin smaller to compensate:

(fancyhdr)                \addtolength{\topmargin}{-11.94965pt}.

[89]
Underfull \hbox (badness 10000) in paragraph at lines 4423--4426
[]\TU/나눔고딕(0)/m/it/10 If you successully update the cryosparc master softwares 
above, you must find
 []


Package fancyhdr Warning: \headheight is too small (12.0pt): 
(fancyhdr)                Make it at least 23.94965pt, for example:
(fancyhdr)                \setlength{\headheight}{23.94965pt}.
(fancyhdr)                You might also make \topmargin smaller to compensate:

(fancyhdr)                \addtolength{\topmargin}{-11.94965pt}.

[90]
Underfull \vbox (badness 10000) detected at line 4626
 []


Underfull \vbox (badness 10000) detected at line 4626
 []


Package fancyhdr Warning: \headheight is too small (12.0pt): 
(fancyhdr)                Make it at least 23.94965pt, for example:
(fancyhdr)                \setlength{\headheight}{23.94965pt}.
(fancyhdr)                You might also make \topmargin smaller to compensate:

(fancyhdr)                \addtolength{\topmargin}{-11.94965pt}.

[91]
Underfull \vbox (badness 10000) detected at line 4626
 []


Underfull \vbox (badness 10000) detected at line 4626
 []


Package fancyhdr Warning: \headheight is too small (12.0pt): 
(fancyhdr)                Make it at least 23.94965pt, for example:
(fancyhdr)                \setlength{\headheight}{23.94965pt}.
(fancyhdr)                You might also make \topmargin smaller to compensate:

(fancyhdr)                \addtolength{\topmargin}{-11.94965pt}.

[92]

Package fancyhdr Warning: \headheight is too small (12.0pt): 
(fancyhdr)                Make it at least 23.94965pt, for example:
(fancyhdr)                \setlength{\headheight}{23.94965pt}.
(fancyhdr)                You might also make \topmargin smaller to compensate:

(fancyhdr)                \addtolength{\topmargin}{-11.94965pt}.

[93]

Package fancyhdr Warning: \headheight is too small (12.0pt): 
(fancyhdr)                Make it at least 23.94965pt, for example:
(fancyhdr)                \setlength{\headheight}{23.94965pt}.
(fancyhdr)                You might also make \topmargin smaller to compensate:

(fancyhdr)                \addtolength{\topmargin}{-11.94965pt}.

[94]
Chapter 10.
File: NEW-24.PNG Graphic file (type bmp)
<NEW-24.PNG>
[95

]

Package fancyhdr Warning: \headheight is too small (12.0pt): 
(fancyhdr)                Make it at least 23.94965pt, for example:
(fancyhdr)                \setlength{\headheight}{23.94965pt}.
(fancyhdr)                You might also make \topmargin smaller to compensate:

(fancyhdr)                \addtolength{\topmargin}{-11.94965pt}.

[96

]
Chapter 11.
(./tem-docs.ind)
The property list \polyglossia@langsetup contains the pairs (without outer
braces):
>  {latex/script}  =>  {latin}
>  {latex/lcscript}  =>  {latin}
>  {latex/scripttag}  =>  {}
>  {latex/language}  =>  {Latex}
>  {latex/langtag}  =>  {ENG}
>  {latex/bcp47}  =>  {}
>  {latex/hyphennames}  =>  {english}
>  {latex/direction}  =>  {LR}
>  {latex/hyphenmins}  =>  {2,3}
>  {latex/frenchspacing}  =>  {false}
>  {latex/indentfirst}  =>  {false}
>  {latex/fontsetup}  =>  {true}
>  {latex/envname}  =>  {latex}
>  {latex/babelname}  =>  {latex}
>  {latex/localnumeral}  =>  {polyglossia@C@localnumeral}
>  {latex/Localnumeral}  =>  {polyglossia@C@localnumeral}
>  {english/script}  =>  {latin}
>  {english/lcscript}  =>  {latin}
>  {english/scripttag}  =>  {}
>  {english/language}  =>  {English}
>  {english/langtag}  =>  {ENG}
>  {english/bcp47}  =>  {en-US}
>  {english/hyphennames}  =>  {english,american,usenglish,USenglish}
>  {english/direction}  =>  {LR}
>  {english/hyphenmins}  =>  {2,3}
>  {english/frenchspacing}  =>  {false}
>  {english/indentfirst}  =>  {false}
>  {english/fontsetup}  =>  {true}
>  {english/envname}  =>  {english}
>  {english/babelname}  =>  {american}
>  {english/localnumeral}  =>  {polyglossia@C@localnumeral}
>  {english/Localnumeral}  =>  {polyglossia@C@localnumeral}.
 [97] (./tem-docs.aux
LaTeX Info: Redefining \rmfamily on input line 19.
LaTeX Info: Redefining \sffamily on input line 19.
LaTeX Info: Redefining \ttfamily on input line 19.
)

LaTeX Font Warning: Some font shapes were not available, defaults substituted.

Package rerunfilecheck Info: File `tem-docs.out' has not changed.
(rerunfilecheck)             Checksum: 38FA51AD82D64724CF80F782E06264B2;21427.
 ) 
Here is how much of TeX's memory you used:
 20990 strings out of 476533
 373896 string characters out of 5818000
 1151154 words of memory out of 5000000
 40932 multiletter control sequences out of 15000+600000
 408908 words of font info for 89 fonts, out of 8000000 for 9000
 1349 hyphenation exceptions out of 8191
 73i,13n,81p,2824b,2585s stack positions out of 5000i,500n,10000p,200000b,80000s

Output written on tem-docs.pdf (101 pages).
