\BOOKMARK [0][-]{chapter.1}{\376\377\000C\000h\000a\000n\000g\000e\000\040\000L\000o\000g\000s}{}% 1
\BOOKMARK [0][-]{chapter.2}{\376\377\000G\000S\000D\000C\000\040\000C\000o\000m\000p\000u\000t\000i\000n\000g\000\040\000C\000l\000u\000s\000t\000e\000r\000\040\000f\000o\000r\000\040\000T\000E\000M\000\040\000U\000s\000e\000r\000s\000\040\000a\000n\000d\000\040\000O\000p\000e\000r\000a\000t\000o\000r\000s}{}% 2
\BOOKMARK [1][-]{section.2.1}{\376\377\0001\000.\000\040\000S\000e\000r\000v\000i\000c\000e\000\040\000o\000v\000e\000r\000v\000i\000e\000w}{chapter.2}% 3
\BOOKMARK [1][-]{section.2.2}{\376\377\0002\000.\000\040\000C\000o\000m\000p\000u\000t\000i\000n\000g\000\040\000a\000n\000d\000\040\000s\000t\000o\000r\000a\000g\000e\000\040\000r\000e\000s\000o\000u\000r\000c\000e\000s}{chapter.2}% 4
\BOOKMARK [1][-]{section.2.3}{\376\377\0003\000.\000\040\000C\000l\000u\000s\000t\000e\000r\000\040\000m\000a\000n\000a\000g\000e\000m\000e\000n\000t\000\040\000s\000o\000f\000t\000w\000a\000r\000e\000s}{chapter.2}% 5
\BOOKMARK [1][-]{section.2.4}{\376\377\0004\000.\000\040\000D\000a\000t\000a\000\040\000a\000n\000a\000l\000y\000s\000i\000s\000\040\000t\000o\000o\000l\000s}{chapter.2}% 6
\BOOKMARK [1][-]{section.2.5}{\376\377\0005\000.\000\040\000R\000e\000q\000u\000e\000s\000t\000i\000n\000g\000\040\000u\000s\000e\000r\000\040\000a\000c\000c\000o\000u\000n\000t\000s\000\040\000a\000n\000d\000\040\000a\000c\000c\000e\000s\000s\000i\000n\000g\000\040\000G\000S\000D\000C\000\040\000T\000E\000M\000\040\000c\000o\000m\000p\000u\000t\000i\000n\000g\000\040\000c\000l\000u\000s\000t\000e\000r}{chapter.2}% 7
\BOOKMARK [1][-]{section.2.6}{\376\377\0006\000.\000\040\000M\000o\000d\000u\000l\000e\000\040\000p\000a\000t\000h\000s\000\040\000a\000n\000d\000\040\000j\000o\000b\000\040\000s\000u\000b\000m\000i\000s\000s\000i\000o\000n\000\040\000t\000e\000m\000p\000l\000a\000t\000e\000s}{chapter.2}% 8
\BOOKMARK [2][-]{subsection.2.6.1}{\376\377\000M\000o\000d\000u\000l\000e\000\040\000p\000a\000t\000h\000s\000\040\000f\000o\000r\000\040\000d\000a\000t\000a\000\040\000a\000n\000a\000l\000y\000s\000i\000s\000\040\000t\000o\000o\000l\000s}{section.2.6}% 9
\BOOKMARK [2][-]{subsection.2.6.2}{\376\377\000J\000o\000b\000\040\000s\000u\000b\000m\000i\000s\000s\000i\000o\000n\000\040\000t\000e\000m\000p\000l\000a\000t\000e\000s}{section.2.6}% 10
\BOOKMARK [1][-]{section.2.7}{\376\377\0007\000.\000\040\000B\000a\000t\000c\000h\000\040\000q\000u\000e\000u\000e\000s}{chapter.2}% 11
\BOOKMARK [2][-]{subsection.2.7.1}{\376\377\000C\000h\000e\000c\000k\000i\000n\000g\000\040\000b\000a\000t\000c\000h\000\040\000q\000u\000e\000u\000e\000\040\000n\000a\000m\000e\000s\000\040\000a\000n\000d\000\040\000t\000h\000e\000i\000r\000\040\000s\000t\000a\000t\000u\000s}{section.2.7}% 12
\BOOKMARK [2][-]{subsection.2.7.2}{\376\377\000C\000h\000e\000c\000k\000i\000n\000g\000\040\000a\000l\000l\000\040\000w\000o\000r\000k\000e\000r\000\040\000n\000o\000d\000e\000s\000\040\000s\000t\000a\000t\000u\000s}{section.2.7}% 13
\BOOKMARK [1][-]{section.2.8}{\376\377\0008\000.\000\040\000f\000s\000t\000a\000t\000.\000b\000i\000n\000\040\000:\000\040\000M\000o\000n\000i\000t\000o\000r\000i\000n\000g\000\040\000t\000h\000e\000\040\000u\000s\000a\000g\000e\000\040\000o\000f\000\040\000a\000l\000l\000\040\000t\000h\000e\000\040\000w\000o\000r\000k\000e\000r\000\040\000n\000o\000d\000e\000s}{chapter.2}% 14
\BOOKMARK [1][-]{section.2.9}{\376\377\0009\000.\000\040\000d\000y\000n\000m\000o\000t\000d\000\040\000:\000\040\000C\000h\000e\000c\000k\000i\000n\000g\000\040\000s\000t\000o\000r\000a\000g\000e\000\040\000q\000u\000o\000t\000a\000\040\000l\000i\000m\000i\000t\000\040\000a\000n\000d\000\040\000u\000s\000a\000g\000e\000\040\000r\000a\000t\000i\000o}{chapter.2}% 15
\BOOKMARK [0][-]{chapter.3}{\376\377\000T\000E\000M\000\040\000C\000o\000m\000p\000u\000t\000i\000n\000g\000\040\000C\000l\000u\000s\000t\000e\000r\000\040\000B\000a\000s\000i\000c\000s}{}% 16
\BOOKMARK [1][-]{section.3.1}{\376\377\000R\000e\000q\000u\000e\000s\000t\000i\000n\000g\000\040\000a\000c\000c\000o\000u\000n\000t\000s\000\040\000a\000n\000d\000\040\000a\000c\000c\000e\000s\000s\000i\000n\000g\000\040\000T\000E\000M\000\040\000c\000l\000u\000s\000t\000e\000r}{chapter.3}% 17
\BOOKMARK [2][-]{subsection.3.1.1}{\376\377\000F\000o\000r\000\040\000L\000i\000n\000u\000x\000/\000M\000a\000c\000\040\000u\000s\000e\000r\000s}{section.3.1}% 18
\BOOKMARK [2][-]{subsection.3.1.2}{\376\377\000F\000o\000r\000\040\000W\000i\000n\000d\000o\000w\000s\000\040\000u\000s\000e\000r\000s}{section.3.1}% 19
\BOOKMARK [1][-]{section.3.2}{\376\377\000U\000n\000d\000e\000r\000s\000t\000a\000n\000d\000i\000n\000g\000\040\000e\000n\000v\000i\000r\000o\000n\000m\000e\000n\000t\000\040\000m\000o\000d\000u\000l\000e\000s}{chapter.3}% 20
\BOOKMARK [1][-]{section.3.3}{\376\377\000J\000o\000b\000\040\000m\000a\000n\000a\000g\000e\000r\000\040\000\050\000T\000o\000r\000q\000u\000e\000\051}{chapter.3}% 21
\BOOKMARK [2][-]{subsection.3.3.1}{\376\377\000R\000e\000s\000o\000u\000r\000c\000e\000s\000\040\000m\000a\000n\000a\000g\000e\000r\000\040\000a\000n\000d\000\040\000j\000o\000b\000\040\000s\000c\000h\000e\000d\000u\000l\000e\000r}{section.3.3}% 22
\BOOKMARK [2][-]{subsection.3.3.2}{\376\377\000D\000i\000r\000e\000c\000t\000i\000v\000e\000s\000\040\000i\000n\000\040\000T\000o\000r\000q\000u\000e\000\040\000j\000o\000b\000\040\000s\000c\000r\000i\000p\000t\000s}{section.3.3}% 23
\BOOKMARK [3][-]{subsubsection*.3}{\376\377\000R\000e\000s\000o\000u\000r\000c\000e\000\040\000l\000i\000m\000i\000t\000s}{subsection.3.3.2}% 24
\BOOKMARK [3][-]{subsubsection*.4}{\376\377\000J\000o\000b\000\040\000n\000a\000m\000e}{subsection.3.3.2}% 25
\BOOKMARK [3][-]{subsubsection*.5}{\376\377\000Q\000u\000e\000u\000e\000\040\000n\000a\000m\000e}{subsection.3.3.2}% 26
\BOOKMARK [3][-]{subsubsection*.6}{\376\377\000J\000o\000b\000\040\000l\000o\000g\000\040\000f\000i\000l\000e\000s}{subsection.3.3.2}% 27
\BOOKMARK [2][-]{subsection.3.3.3}{\376\377\000T\000o\000r\000q\000u\000e\000\040\000j\000o\000b\000\040\000s\000c\000r\000i\000p\000t\000\040\000e\000x\000a\000m\000p\000l\000e\000s}{section.3.3}% 28
\BOOKMARK [3][-]{subsubsection*.7}{\376\377\000S\000i\000m\000p\000l\000e\000\040\000s\000e\000q\000u\000e\000n\000t\000i\000a\000l\000\040\000j\000o\000b}{subsection.3.3.3}% 29
\BOOKMARK [3][-]{subsubsection*.8}{\376\377\000S\000e\000r\000i\000a\000l\000\040\000j\000o\000b\000\040\000w\000i\000t\000h\000\040\000O\000p\000e\000n\000M\000P\000\040\000m\000u\000l\000t\000i\000t\000h\000r\000e\000a\000d\000i\000n\000g}{subsection.3.3.3}% 30
\BOOKMARK [3][-]{subsubsection*.9}{\376\377\000S\000i\000m\000p\000l\000e\000\040\000M\000P\000I\000\040\000p\000a\000r\000a\000l\000l\000e\000l\000\040\000j\000o\000b}{subsection.3.3.3}% 31
\BOOKMARK [3][-]{subsubsection*.10}{\376\377\000P\000a\000r\000a\000l\000l\000e\000l\000\040\000j\000o\000b\000\040\000w\000i\000t\000h\000\040\000M\000P\000I\000\040\000a\000n\000d\000\040\000O\000p\000e\000n\000M\000P}{subsection.3.3.3}% 32
\BOOKMARK [2][-]{subsection.3.3.4}{\376\377\000J\000o\000b\000\040\000s\000u\000b\000m\000i\000s\000s\000i\000o\000n}{section.3.3}% 33
\BOOKMARK [2][-]{subsection.3.3.5}{\376\377\000M\000o\000n\000i\000t\000o\000r\000i\000n\000g\000\040\000a\000n\000d\000\040\000m\000a\000n\000a\000g\000i\000n\000g\000\040\000y\000o\000u\000r\000\040\000j\000o\000b\000s}{section.3.3}% 34
\BOOKMARK [3][-]{subsubsection*.11}{\376\377\000S\000t\000a\000t\000u\000s\000\040\000o\000f\000\040\000q\000u\000e\000u\000e\000d\000\040\000j\000o\000b\000s}{subsection.3.3.5}% 35
\BOOKMARK [3][-]{subsubsection*.12}{\376\377\000M\000a\000n\000a\000g\000i\000n\000g\000\040\000y\000o\000u\000r\000\040\000j\000o\000b\000s}{subsection.3.3.5}% 36
\BOOKMARK [0][-]{chapter.4}{\376\377\000B\000a\000t\000c\000h\000\040\000Q\000u\000e\000u\000e\000s}{}% 37
\BOOKMARK [1][-]{section.4.1}{\376\377\000B\000a\000t\000c\000h\000\040\000q\000u\000e\000u\000e\000\040\000l\000i\000s\000t}{chapter.4}% 38
\BOOKMARK [0][-]{chapter.5}{\376\377\000R\000e\000l\000i\000o\000n}{}% 39
\BOOKMARK [1][-]{section.5.1}{\376\377\000E\000x\000e\000c\000u\000t\000i\000n\000g\000\040\000R\000e\000l\000i\000o\000n\000\040\000G\000U\000I\000\040\000t\000o\000o\000l\000s}{chapter.5}% 40
\BOOKMARK [2][-]{subsection.5.1.1}{\376\377\000H\000o\000w\000\040\000t\000o\000\040\000s\000t\000a\000r\000t\000\040\000R\000e\000l\000i\000o\000n\000\040\000d\000a\000t\000a\000\040\000a\000n\000a\000l\000y\000s\000i\000s\000\040\000t\000o\000o\000l}{section.5.1}% 41
\BOOKMARK [1][-]{section.5.2}{\376\377\000P\000B\000S\000\040\000S\000t\000r\000i\000n\000g\000s\000\040\000u\000s\000e\000d\000\040\000i\000n\000\040\000R\000e\000l\000i\000o\000n}{chapter.5}% 42
\BOOKMARK [1][-]{section.5.3}{\376\377\000R\000u\000n\000n\000i\000n\000g\000\040\000d\000a\000t\000a\000\040\000a\000n\000a\000l\000y\000s\000i\000s\000\040\000j\000o\000b\000s\000\040\000u\000s\000i\000n\000g\000\040\000C\000P\000U\000\040\000c\000o\000r\000e\000s}{chapter.5}% 43
\BOOKMARK [2][-]{subsection.5.3.1}{\376\377\000M\000o\000d\000u\000l\000e\000\040\000p\000a\000t\000h}{section.5.3}% 44
\BOOKMARK [2][-]{subsection.5.3.2}{\376\377\000E\000n\000v\000i\000r\000o\000n\000m\000e\000n\000t\000\040\000v\000a\000r\000i\000a\000b\000l\000e\000s}{section.5.3}% 45
\BOOKMARK [2][-]{subsection.5.3.3}{\376\377\000S\000t\000a\000n\000d\000a\000r\000d\000\040\000j\000o\000b\000\040\000s\000u\000b\000m\000i\000s\000s\000i\000o\000n\000\040\000s\000c\000r\000i\000p\000t\000\040\000\050\000f\000o\000r\000\040\000r\000e\000l\000i\000o\000n\000\040\0004\000.\0000\000.\0000\000\040\000C\000P\000U\000\040\000u\000s\000e\000\051}{section.5.3}% 46
\BOOKMARK [1][-]{section.5.4}{\376\377\000R\000u\000n\000n\000i\000n\000g\000\040\000d\000a\000t\000a\000\040\000a\000n\000a\000l\000y\000s\000i\000s\000\040\000j\000o\000b\000s\000\040\000u\000s\000i\000n\000g\000\040\000G\000P\000G\000P\000U\000s}{chapter.5}% 47
\BOOKMARK [2][-]{subsection.5.4.1}{\376\377\000E\000n\000v\000i\000r\000o\000n\000m\000e\000n\000t\000\040\000v\000a\000r\000i\000a\000b\000l\000e\000s}{section.5.4}% 48
\BOOKMARK [2][-]{subsection.5.4.2}{\376\377\000S\000t\000a\000n\000d\000a\000r\000d\000\040\000j\000o\000b\000\040\000s\000u\000b\000m\000i\000s\000s\000i\000o\000n\000\040\000s\000c\000r\000i\000p\000t\000\040\000\050\000f\000o\000r\000\040\000r\000e\000l\000i\000o\000n\000\040\0004\000.\0000\000.\0000\000\040\000G\000P\000G\000P\000U\000\040\000u\000s\000e\000\051}{section.5.4}% 49
\BOOKMARK [2][-]{subsection.5.4.3}{\376\377\000S\000p\000e\000c\000i\000f\000y\000i\000n\000g\000\040\000w\000h\000i\000c\000h\000\040\000G\000P\000G\000P\000U\000s\000\040\000t\000o\000\040\000u\000s\000e}{section.5.4}% 50
\BOOKMARK [1][-]{section.5.5}{\376\377\000E\000x\000a\000m\000p\000l\000e\000s}{chapter.5}% 51
\BOOKMARK [2][-]{subsection.5.5.1}{\376\377\000M\000o\000t\000i\000o\000n\000\040\000C\000o\000r\000r\000e\000c\000t\000i\000o\000n}{section.5.5}% 52
\BOOKMARK [2][-]{subsection.5.5.2}{\376\377\000C\000T\000F\000\040\000E\000s\000t\000i\000m\000a\000t\000i\000o\000n}{section.5.5}% 53
\BOOKMARK [2][-]{subsection.5.5.3}{\376\377\0002\000D\000\040\000C\000l\000a\000s\000s\000i\000f\000i\000c\000a\000t\000i\000o\000n}{section.5.5}% 54
\BOOKMARK [0][-]{chapter.6}{\376\377\000c\000i\000s\000T\000E\000M}{}% 55
\BOOKMARK [1][-]{section.6.1}{\376\377\000E\000x\000e\000c\000u\000t\000i\000n\000g\000\040\000c\000i\000s\000T\000E\000M}{chapter.6}% 56
\BOOKMARK [2][-]{subsection.6.1.1}{\376\377\000H\000o\000w\000\040\000t\000o\000\040\000s\000t\000a\000r\000t\000\040\000c\000i\000s\000T\000E\000M\000\040\000d\000a\000t\000a\000\040\000a\000n\000a\000l\000y\000s\000i\000s\000\040\000t\000o\000o\000l}{section.6.1}% 57
\BOOKMARK [1][-]{section.6.2}{\376\377\000R\000u\000n\000\040\000p\000r\000o\000f\000i\000l\000e\000s\000\040\000f\000o\000r\000\040\000j\000o\000b\000\040\000s\000u\000b\000m\000i\000s\000s\000i\000o\000n}{chapter.6}% 58
\BOOKMARK [2][-]{subsection.6.2.1}{\376\377\000P\000r\000o\000f\000i\000l\000e\000\040\000t\000e\000m\000p\000l\000a\000t\000e\000s}{section.6.2}% 59
\BOOKMARK [2][-]{subsection.6.2.2}{\376\377\000A\000d\000d\000i\000n\000g\000\040\000a\000\040\000n\000e\000w\000\040\000R\000u\000n\000\040\000P\000r\000o\000f\000i\000l\000e}{section.6.2}% 60
\BOOKMARK [1][-]{section.6.3}{\376\377\000E\000x\000a\000m\000p\000l\000e\000s\000\040\000o\000f\000\040\000r\000u\000n\000n\000i\000n\000g\000\040\000c\000i\000s\000T\000E\000M\000\040\000j\000o\000b\000s}{chapter.6}% 61
\BOOKMARK [2][-]{subsection.6.3.1}{\376\377\000I\000m\000p\000o\000r\000t\000i\000n\000g\000\040\000M\000o\000v\000i\000e\000s\000\040\000a\000n\000d\000\040\000i\000m\000a\000g\000e\000s}{section.6.3}% 62
\BOOKMARK [2][-]{subsection.6.3.2}{\376\377\000M\000o\000v\000i\000e\000\040\000A\000l\000i\000g\000n\000m\000e\000n\000t}{section.6.3}% 63
\BOOKMARK [0][-]{chapter.7}{\376\377\000C\000r\000y\000o\000S\000P\000A\000R\000C}{}% 64
\BOOKMARK [1][-]{section.7.1}{\376\377\000P\000r\000e\000r\000e\000q\000u\000i\000s\000i\000t\000e\000s}{chapter.7}% 65
\BOOKMARK [1][-]{section.7.2}{\376\377\000G\000e\000t\000t\000i\000n\000g\000\040\000a\000\040\000c\000r\000y\000o\000S\000P\000A\000R\000C\000\040\000i\000n\000s\000t\000a\000n\000c\000e}{chapter.7}% 66
\BOOKMARK [2][-]{subsection.7.2.1}{\376\377\0001\000.\000\040\000\050\000A\000d\000m\000i\000n\000\051\000\040\000I\000n\000s\000t\000a\000l\000l\000\040\000a\000n\000d\000\040\000s\000e\000t\000u\000p\000\040\000a\000\040\000c\000r\000y\000o\000S\000P\000A\000R\000C\000\040\000i\000n\000s\000t\000a\000n\000c\000e}{section.7.2}% 67
\BOOKMARK [2][-]{subsection.7.2.2}{\376\377\0002\000.\000\040\000\050\000U\000s\000e\000r\000\051\000\040\000V\000e\000r\000i\000f\000y\000i\000n\000g\000\040\000i\000n\000s\000t\000a\000l\000l\000a\000t\000i\000o\000n}{section.7.2}% 68
\BOOKMARK [1][-]{section.7.3}{\376\377\000L\000a\000u\000n\000c\000h\000i\000n\000g\000\040\000C\000r\000y\000o\000S\000P\000A\000R\000C\000\040\000i\000n\000s\000t\000a\000n\000c\000e}{chapter.7}% 69
\BOOKMARK [2][-]{subsection.7.3.1}{\376\377\000F\000o\000r\000\040\000L\000i\000n\000u\000x\000/\000M\000a\000c\000\040\000u\000s\000e\000r\000s}{section.7.3}% 70
\BOOKMARK [2][-]{subsection.7.3.2}{\376\377\000F\000o\000r\000\040\000W\000i\000n\000d\000o\000w\000s\000\040\000u\000s\000e\000r\000s}{section.7.3}% 71
\BOOKMARK [1][-]{section.7.4}{\376\377\000E\000x\000p\000l\000o\000r\000i\000n\000g\000\040\000C\000r\000y\000o\000S\000P\000A\000R\000C\000\040\000w\000e\000b\000\040\000a\000p\000p\000s}{chapter.7}% 72
\BOOKMARK [2][-]{subsection.7.4.1}{\376\377\000C\000r\000y\000o\000S\000P\000A\000R\000C\000\040\000l\000o\000g\000i\000n}{section.7.4}% 73
\BOOKMARK [2][-]{subsection.7.4.2}{\376\377\000C\000r\000y\000o\000S\000P\000A\000R\000C\000\040\000d\000a\000s\000h\000b\000o\000a\000r\000d}{section.7.4}% 74
\BOOKMARK [2][-]{subsection.7.4.3}{\376\377\000C\000r\000y\000o\000S\000P\000A\000R\000C\000\040\000p\000r\000o\000j\000e\000c\000t}{section.7.4}% 75
\BOOKMARK [2][-]{subsection.7.4.4}{\376\377\000C\000r\000y\000o\000S\000P\000A\000R\000C\000\040\000c\000l\000u\000s\000t\000e\000r\000\050\000l\000a\000n\000e\000\051}{section.7.4}% 76
\BOOKMARK [1][-]{section.7.5}{\376\377\000T\000u\000t\000o\000r\000i\000a\000l\000\040\000o\000n\000\040\000p\000r\000o\000c\000e\000s\000s\000i\000n\000g\000\040\000T\0002\0000\000S}{chapter.7}% 77
\BOOKMARK [1][-]{section.7.6}{\376\377\000T\000r\000o\000u\000b\000l\000e\000\040\000s\000h\000o\000o\000t\000i\000n\000g}{chapter.7}% 78
\BOOKMARK [2][-]{subsection.7.6.1}{\376\377\0001\000.\000\040\000H\000o\000w\000\040\000t\000o\000\040\000s\000t\000o\000p\000\040\000o\000r\000\040\000s\000t\000a\000r\000t\000\040\000t\000h\000e\000\040\000c\000r\000y\000o\000S\000P\000A\000R\000C\000\040\000i\000n\000s\000t\000a\000n\000c\000e\000?}{section.7.6}% 79
\BOOKMARK [2][-]{subsection.7.6.2}{\376\377\0002\000.\000\040\000H\000o\000w\000\040\000t\000o\000\040\000r\000e\000s\000e\000t\000\040\000t\000h\000e\000\040\000p\000a\000s\000s\000w\000o\000r\000d\000\040\000o\000f\000\040\000n\000o\000n\000-\000a\000d\000m\000i\000n\000\040\000u\000s\000e\000r\000?}{section.7.6}% 80
\BOOKMARK [2][-]{subsection.7.6.3}{\376\377\0003\000.\000\040\000J\000o\000b\000\040\000\050\000o\000r\000\040\000W\000o\000r\000k\000f\000l\000o\000w\000\051\000\040\000f\000a\000i\000l\000e\000d\000\040\000c\000a\000u\000s\000e\000d\000\040\000b\000y\000\040\000S\000S\000D\000\040\000c\000a\000c\000h\000i\000n\000g}{section.7.6}% 81
\BOOKMARK [2][-]{subsection.7.6.4}{\376\377\0004\000.\000\040\000F\000a\000i\000l\000e\000d\000\040\000t\000o\000\040\000l\000a\000u\000n\000c\000h\000!\000\040\0001\0009\0000}{section.7.6}% 82
\BOOKMARK [2][-]{subsection.7.6.5}{\376\377\0005\000.\000\040\000B\000i\000n\000a\000r\000y\000\040\000l\000o\000c\000a\000t\000i\000o\000n\000s\000\040\000o\000f\000\040\000G\000c\000t\000f\000,\000\040\000M\000o\000t\000i\000o\000n\000C\000o\000r\0002}{section.7.6}% 83
\BOOKMARK [0][-]{chapter.8}{\376\377\000T\000o\000p\000a\000z}{}% 84
\BOOKMARK [1][-]{section.8.1}{\376\377\000T\000o\000p\000a\000z\000\040\000E\000x\000e\000c\000u\000t\000a\000b\000l\000e\000s}{chapter.8}% 85
\BOOKMARK [2][-]{subsection.8.1.1}{\376\377\000T\000o\000p\000a\000z\000\040\000b\000i\000n\000a\000r\000y\000\040\000e\000x\000e\000c\000u\000t\000a\000b\000l\000e\000\040\000w\000i\000t\000h\000\040\000C\000U\000D\000A\000\040\0009\000.\0002}{section.8.1}% 86
\BOOKMARK [2][-]{subsection.8.1.2}{\376\377\000T\000o\000p\000a\000z\000\040\000b\000i\000n\000a\000r\000y\000\040\000e\000x\000e\000c\000u\000t\000a\000b\000l\000e\000\040\000w\000i\000t\000h\000\040\000C\000U\000D\000A\000\040\0001\0001\000.\0002}{section.8.1}% 87
\BOOKMARK [1][-]{section.8.2}{\376\377\000U\000s\000i\000n\000g\000\040\000T\000o\000p\000a\000z\000\040\000i\000n\000\040\000C\000r\000y\000o\000S\000P\000A\000R\000C}{chapter.8}% 88
\BOOKMARK [1][-]{section.8.3}{\376\377\000U\000s\000i\000n\000g\000\040\000T\000o\000p\000a\000z\000\040\000i\000n\000\040\000R\000e\000l\000i\000o\000n\000\040\000\050\000v\0003\000.\0001\000.\0000\000\040\000a\000b\000o\000v\000e\000\051}{chapter.8}% 89
\BOOKMARK [0][-]{chapter.9}{\376\377\000U\000C\000S\000F\000\040\000P\000y\000E\000M}{}% 90
\BOOKMARK [1][-]{section.9.1}{\376\377\000P\000y\000E\000M}{chapter.9}% 91
\BOOKMARK [1][-]{section.9.2}{\376\377\000P\000y\000E\000M\000\040\000E\000x\000e\000c\000u\000t\000a\000b\000l\000e\000s}{chapter.9}% 92
\BOOKMARK [0][-]{chapter.10}{\376\377\000F\000r\000e\000q\000u\000e\000n\000t\000l\000y\000\040\000A\000s\000k\000e\000d\000\040\000Q\000u\000e\000s\000t\000i\000o\000n\000s}{}% 93
\BOOKMARK [1][-]{section.10.1}{\376\377\000H\000o\000w\000\040\000t\000o\000\040\000r\000e\000s\000o\000l\000v\000e\000\040\000t\000h\000e\000\040\000p\000r\000o\000b\000l\000e\000m\000s\000\040\000o\000n\000\040\000\050\000r\000e\000\051\000s\000t\000a\000r\000t\000i\000n\000g\000\040\000y\000o\000u\000r\000\040\000o\000w\000n\000\040\000c\000r\000y\000o\000s\000p\000a\000r\000c\000\040\000i\000n\000s\000t\000a\000n\000c\000e\000?}{chapter.10}% 94
\BOOKMARK [1][-]{section.10.2}{\376\377\000H\000o\000w\000\040\000t\000o\000\040\000r\000e\000p\000a\000i\000r\000\040\000c\000r\000y\000o\000s\000p\000a\000r\000c\000\040\000d\000a\000t\000a\000b\000a\000s\000e\000\040\000c\000o\000r\000r\000u\000p\000t\000i\000o\000n\000?}{chapter.10}% 95
\BOOKMARK [1][-]{section.10.3}{\376\377\000H\000o\000w\000\040\000t\000o\000\040\000u\000p\000g\000r\000a\000d\000e\000\040\000\050\000o\000r\000\040\000d\000o\000w\000n\000g\000r\000a\000d\000e\000\051\000\040\000t\000o\000\040\000t\000h\000e\000\040\000s\000p\000e\000c\000i\000f\000i\000c\000\040\000v\000e\000r\000s\000i\000o\000n\000\040\000o\000f\000\040\000c\000r\000y\000o\000s\000p\000a\000r\000c\000\040\000s\000o\000f\000t\000w\000a\000r\000e\000s\000?}{chapter.10}% 96
\BOOKMARK [2][-]{subsection.10.3.1}{\376\377\0001\000.\000\040\000C\000h\000e\000c\000k\000i\000n\000g\000\040\000f\000o\000r\000\040\000u\000p\000d\000a\000t\000e\000s}{section.10.3}% 97
\BOOKMARK [2][-]{subsection.10.3.2}{\376\377\0002\000.\000\040\000B\000e\000f\000o\000r\000e\000\040\000y\000o\000u\000\040\000u\000p\000d\000a\000t\000e\000:\000\040\000c\000o\000m\000p\000l\000e\000t\000e\000\040\000o\000r\000\040\000k\000i\000l\000l\000\040\000r\000u\000n\000n\000i\000n\000g\000\040\000j\000o\000b\000s}{section.10.3}% 98
\BOOKMARK [2][-]{subsection.10.3.3}{\376\377\0003\000.\000\040\000B\000a\000c\000k\000-\000u\000p\000\040\000c\000r\000y\000o\000s\000p\000a\000r\000c\000\040\000d\000a\000t\000a\000b\000a\000s\000e\000s}{section.10.3}% 99
\BOOKMARK [2][-]{subsection.10.3.4}{\376\377\0004\000.\000\040\000C\000r\000y\000o\000s\000p\000a\000r\000c\000\040\000m\000a\000s\000t\000e\000r\000\040\000u\000p\000d\000a\000t\000e\000s}{section.10.3}% 100
\BOOKMARK [2][-]{subsection.10.3.5}{\376\377\0005\000.\000\040\000C\000r\000y\000o\000s\000p\000a\000r\000c\000\040\000w\000o\000r\000k\000e\000r\000\040\000u\000p\000d\000a\000t\000e\000s}{section.10.3}% 101
\BOOKMARK [2][-]{subsection.10.3.6}{\376\377\0006\000.\000\040\000R\000u\000n\000n\000i\000n\000g\000\040\000t\000h\000e\000\040\000n\000e\000w\000e\000r\000\040\000c\000r\000y\000o\000s\000p\000a\000r\000c\000\040\000i\000n\000s\000t\000a\000n\000c\000e}{section.10.3}% 102
\BOOKMARK [0][-]{chapter.11}{\376\377\000A\000P\000P\000E\000N\000D\000I\000X\000\040\000:\000\040\000A\000p\000p\000l\000i\000c\000a\000t\000i\000o\000n\000\040\000F\000o\000r\000m\000\040\000\046\000\040\000M\000a\000t\000e\000r\000i\000a\000l\000s}{}% 103
\BOOKMARK [1][-]{section.11.1}{\376\377\000G\000S\000D\000C\000\040\000T\000E\000M\000\040\000A\000p\000p\000l\000i\000c\000a\000t\000i\000o\000n\000\040\000F\000o\000r\000m}{chapter.11}% 104
\BOOKMARK [1][-]{section.11.2}{\376\377\000T\000u\000t\000o\000r\000i\000a\000l}{chapter.11}% 105
\BOOKMARK [0][-]{chapter.12}{\376\377\000C\000o\000n\000t\000a\000c\000t\000s}{}% 106
